<?xml version="1.0" encoding="UTF-8"?>
<testsuites name="Permata VA noPay" time="50.125" tests="1" failures="0" errors="0">
   <testsuite name="Permata VA noPay" tests="1" failures="0" errors="0" time="50.125" skipped="0" timestamp="2022-05-24 11:07:27" hostname="E2PAY - LAPTOP-9GU3I3BG" id="Test Suites/Permata VA noPay">
      <properties>
         <property name="deviceName" value=""/>
         <property name="devicePlatform" value=""/>
         <property name="logFolder" value="C:\\Users\\E2PAY\\git\\simulatorTestHp\\Reports\\20220524_110721\\Permata VA noPay\\20220524_110721"/>
         <property name="logFiles" value="C:\\Users\\E2PAY\\git\\simulatorTestHp\\Reports\\20220524_110721\\Permata VA noPay\\20220524_110721\\execution0.log"/>
         <property name="attachments" value="C:\\Users\\E2PAY\\git\\simulatorTestHp\\Reports\\20220524_110721\\Permata VA noPay\\20220524_110721\\1653365280512.png"/>
         <property name="hostName" value="E2PAY - LAPTOP-9GU3I3BG"/>
         <property name="os" value="Windows 10 64bit"/>
         <property name="katalonVersion" value="8.3.0.208"/>
         <property name="browser" value="Chrome 101.0.4951.67"/>
         <property name="hostAddress" value="10.18.11.215"/>
         <property name="sessionId" value="106437bdb869b21d5eda5bae50dce289"/>
         <property name="seleniumVersion" value="3.141.59"/>
         <property name="proxyInformation" value="ProxyInformation { proxyOption=NO_PROXY, proxyServerType=HTTP, username=, password=********, proxyServerAddress=, proxyServerPort=0, executionList=&quot;&quot;, isApplyToDesiredCapabilities=true }"/>
         <property name="platform" value="Windows 10"/>
      </properties>
      <testcase name="Test Cases/simulator - pass PERMATA noPay" time="49.495" classname="Test Cases/simulator - pass PERMATA noPay" status="PASSED">
         <system-out><![CDATA[2022-05-24 11:07:28 - [TEST_CASE][PASSED] - Test Cases/simulator - pass PERMATA noPay: Test Cases/simulator - pass PERMATA noPay

2022-05-24 11:07:29 - [TEST_STEP][PASSED] - openBrowser(""): Browser is opened with url: ''

2022-05-24 11:07:30 - [MESSAGE][INFO] - Starting 'Chrome' driver

2022-05-24 11:07:30 - [MESSAGE][INFO] - Action delay is set to 0 milliseconds

2022-05-24 11:07:34 - [MESSAGE][PASSED] - Browser is opened with url: ''

2022-05-24 11:07:34 - [TEST_STEP][PASSED] - navigateToUrl("https://simulatortest.e2pay.co.id/simulator/"): Navigate to 'https://simulatortest.e2pay.co.id/simulator/' successfully

2022-05-24 11:07:37 - [MESSAGE][PASSED] - Navigate to 'https://simulatortest.e2pay.co.id/simulator/' successfully

2022-05-24 11:07:37 - [TEST_STEP][PASSED] - delay(4): Delayed 4 second(s)

2022-05-24 11:07:41 - [MESSAGE][PASSED] - Delayed 4 second(s)

2022-05-24 11:07:41 - [TEST_STEP][PASSED] - click(findTestObject("simulator post/input_merhant code")): Object: 'Object Repository/simulator post/input_merhant code' is clicked on

2022-05-24 11:07:42 - [MESSAGE][PASSED] - Object: 'Object Repository/simulator post/input_merhant code' is clicked on

2022-05-24 11:07:42 - [TEST_STEP][PASSED] - sendKeys(findTestObject("simulator post/input_merhant code"), Keys.chord(CONTROL, "a")): Keys 'CONTROL + a' sent to object: 'Object Repository/simulator post/input_merhant code'

2022-05-24 11:07:43 - [MESSAGE][PASSED] - Keys 'CONTROL + a' sent to object: 'Object Repository/simulator post/input_merhant code'

2022-05-24 11:07:43 - [TEST_STEP][PASSED] - sendKeys(findTestObject("simulator post/input_merhant code"), Keys.chord(CONTROL, "v")): Keys 'CONTROL + v' sent to object: 'Object Repository/simulator post/input_merhant code'

2022-05-24 11:07:43 - [MESSAGE][PASSED] - Keys 'CONTROL + v' sent to object: 'Object Repository/simulator post/input_merhant code'

2022-05-24 11:07:43 - [TEST_STEP][PASSED] - sendKeys(findTestObject("simulator post/input_merhant code"), Keys.chord(SHIFT, ARROW_LEFT, ARROW_LEFT, ARROW_LEFT, ARROW_LEFT, ARROW_LEFT, ARROW_LEFT, ARROW_LEFT, ARROW_LEFT)): Keys 'SHIFT + LEFT + LEFT + LEFT + LEFT + LEFT + LEFT + LEFT + LEFT + ' sent to object: 'Object Repository/simulator post/input_merhant code'

2022-05-24 11:07:44 - [MESSAGE][PASSED] - Keys 'SHIFT + LEFT + LEFT + LEFT + LEFT + LEFT + LEFT + LEFT + LEFT + ' sent to object: 'Object Repository/simulator post/input_merhant code'

2022-05-24 11:07:44 - [TEST_STEP][PASSED] - sendKeys(findTestObject("simulator post/input_merhant code"), Keys.chord(CONTROL, "x")): Keys 'CONTROL + x' sent to object: 'Object Repository/simulator post/input_merhant code'

2022-05-24 11:07:44 - [MESSAGE][PASSED] - Keys 'CONTROL + x' sent to object: 'Object Repository/simulator post/input_merhant code'

2022-05-24 11:07:44 - [TEST_STEP][PASSED] - click(findTestObject("simulator post/input_paymentID")): Object: 'Object Repository/simulator post/input_paymentID' is clicked on

2022-05-24 11:07:45 - [MESSAGE][PASSED] - Object: 'Object Repository/simulator post/input_paymentID' is clicked on

2022-05-24 11:07:45 - [TEST_STEP][PASSED] - sendKeys(findTestObject("simulator post/input_paymentID"), Keys.chord(CONTROL, "a")): Keys 'CONTROL + a' sent to object: 'Object Repository/simulator post/input_paymentID'

2022-05-24 11:07:46 - [MESSAGE][PASSED] - Keys 'CONTROL + a' sent to object: 'Object Repository/simulator post/input_paymentID'

2022-05-24 11:07:46 - [TEST_STEP][PASSED] - sendKeys(findTestObject("simulator post/input_paymentID"), Keys.chord(DELETE)): Keys 'DELETE + ' sent to object: 'Object Repository/simulator post/input_paymentID'

2022-05-24 11:07:46 - [MESSAGE][PASSED] - Keys 'DELETE + ' sent to object: 'Object Repository/simulator post/input_paymentID'

2022-05-24 11:07:46 - [TEST_STEP][PASSED] - sendKeys(findTestObject("simulator post/input_paymentID"), Keys.chord(CONTROL, "v")): Keys 'CONTROL + v' sent to object: 'Object Repository/simulator post/input_paymentID'

2022-05-24 11:07:47 - [MESSAGE][PASSED] - Keys 'CONTROL + v' sent to object: 'Object Repository/simulator post/input_paymentID'

2022-05-24 11:07:47 - [TEST_STEP][PASSED] - sendKeys(findTestObject("simulator post/input_paymentID"), Keys.chord(SHIFT, ARROW_LEFT, ARROW_LEFT, ARROW_LEFT, ARROW_LEFT, ARROW_LEFT, ARROW_LEFT)): Keys 'SHIFT + LEFT + LEFT + LEFT + LEFT + LEFT + LEFT + ' sent to object: 'Object Repository/simulator post/input_paymentID'

2022-05-24 11:07:48 - [MESSAGE][PASSED] - Keys 'SHIFT + LEFT + LEFT + LEFT + LEFT + LEFT + LEFT + ' sent to object: 'Object Repository/simulator post/input_paymentID'

2022-05-24 11:07:48 - [TEST_STEP][PASSED] - sendKeys(findTestObject("simulator post/input_paymentID"), Keys.chord(CONTROL, "x")): Keys 'CONTROL + x' sent to object: 'Object Repository/simulator post/input_paymentID'

2022-05-24 11:07:48 - [MESSAGE][PASSED] - Keys 'CONTROL + x' sent to object: 'Object Repository/simulator post/input_paymentID'

2022-05-24 11:07:48 - [TEST_STEP][PASSED] - click(findTestObject("simulator post/input_amount")): Object: 'Object Repository/simulator post/input_amount' is clicked on

2022-05-24 11:07:49 - [MESSAGE][PASSED] - Object: 'Object Repository/simulator post/input_amount' is clicked on

2022-05-24 11:07:49 - [TEST_STEP][PASSED] - sendKeys(findTestObject("simulator post/input_amount"), Keys.chord(CONTROL, "a")): Keys 'CONTROL + a' sent to object: 'Object Repository/simulator post/input_amount'

2022-05-24 11:07:50 - [MESSAGE][PASSED] - Keys 'CONTROL + a' sent to object: 'Object Repository/simulator post/input_amount'

2022-05-24 11:07:50 - [TEST_STEP][PASSED] - sendKeys(findTestObject("simulator post/input_amount"), Keys.chord(DELETE)): Keys 'DELETE + ' sent to object: 'Object Repository/simulator post/input_amount'

2022-05-24 11:07:50 - [MESSAGE][PASSED] - Keys 'DELETE + ' sent to object: 'Object Repository/simulator post/input_amount'

2022-05-24 11:07:50 - [TEST_STEP][PASSED] - sendKeys(findTestObject("simulator post/input_amount"), Keys.chord(CONTROL, "v")): Keys 'CONTROL + v' sent to object: 'Object Repository/simulator post/input_amount'

2022-05-24 11:07:51 - [MESSAGE][PASSED] - Keys 'CONTROL + v' sent to object: 'Object Repository/simulator post/input_amount'

2022-05-24 11:07:51 - [TEST_STEP][PASSED] - value_amount = getText(findTestObject("simulator post/input_amount")): Text of object 'Object Repository/simulator post/input_amount' is: 'Amount'

2022-05-24 11:07:51 - [MESSAGE][PASSED] - Text of object 'Object Repository/simulator post/input_amount' is: 'Amount'

2022-05-24 11:07:51 - [TEST_STEP][PASSED] - delay(2): Delayed 2 second(s)

2022-05-24 11:07:53 - [MESSAGE][PASSED] - Delayed 2 second(s)

2022-05-24 11:07:53 - [TEST_STEP][PASSED] - println(value_amount): null

2022-05-24 11:07:53 - [TEST_STEP][PASSED] - click(findTestObject("simulator post/btn_proses payment")): Object: 'Object Repository/simulator post/btn_proses payment' is clicked on

2022-05-24 11:07:54 - [MESSAGE][PASSED] - Object: 'Object Repository/simulator post/btn_proses payment' is clicked on

2022-05-24 11:07:54 - [TEST_STEP][PASSED] - delay(3): Delayed 3 second(s)

2022-05-24 11:07:57 - [MESSAGE][PASSED] - Delayed 3 second(s)

2022-05-24 11:07:57 - [TEST_STEP][PASSED] - va = getText(findTestObject("page_tagihan BCA/div_700701701000000319")): Text of object 'Object Repository/page_tagihan BCA/div_700701701000000319' is: '8452170000122503'

2022-05-24 11:07:57 - [MESSAGE][PASSED] - Text of object 'Object Repository/page_tagihan BCA/div_700701701000000319' is: '8452170000122503'

2022-05-24 11:07:57 - [TEST_STEP][PASSED] - value_bayar = getText(findTestObject("page_tagihan BCA/span_Rp 300.000,00")): Text of object 'Object Repository/page_tagihan BCA/span_Rp 300.000,00' is: 'Rp 1.199,00'

2022-05-24 11:07:58 - [MESSAGE][PASSED] - Text of object 'Object Repository/page_tagihan BCA/span_Rp 300.000,00' is: 'Rp 1.199,00'

2022-05-24 11:07:58 - [TEST_STEP][PASSED] - delay(2): Delayed 2 second(s)

2022-05-24 11:08:00 - [MESSAGE][PASSED] - Delayed 2 second(s)

2022-05-24 11:08:00 - [TEST_STEP][PASSED] - takeFullPageScreenshot(): Taking screenshot successfully

2022-05-24 11:08:17 - [MESSAGE][INFO] - 0 hidden object(s)

2022-05-24 11:08:17 - [MESSAGE][PASSED] - Taking screenshot successfully
[[ATTACHMENT|C:\\Users\\E2PAY\\git\\simulatorTestHp\\Reports\\20220524_110721\\Permata VA noPay\\20220524_110721\\1653365280512.png]]]]></system-out>
         <system-err><![CDATA[]]></system-err>
      </testcase>
      <system-out><![CDATA[2022-05-24 11:07:27 - [TEST_SUITE][PASSED] - Permata VA noPay: Test Cases/simulator - pass PERMATA noPay]]></system-out>
      <system-err><![CDATA[]]></system-err>
   </testsuite>
</testsuites>
