<?xml version="1.0" encoding="UTF-8"?>
<testsuites name="Permata VA noPay 2" time="339.292" tests="1" failures="0" errors="0">
   <testsuite name="Permata VA noPay 2" tests="1" failures="0" errors="0" time="339.292" skipped="0" timestamp="2022-05-24 15:02:20" hostname="E2PAY - LAPTOP-9GU3I3BG" id="Test Suites/Permata VA noPay 2">
      <properties>
         <property name="deviceName" value=""/>
         <property name="devicePlatform" value=""/>
         <property name="logFolder" value="C:\\Users\\E2PAY\\git\\simulatorTestHp\\Reports\\20220524_150206\\Permata VA noPay 2\\20220524_150207"/>
         <property name="logFiles" value="C:\\Users\\E2PAY\\git\\simulatorTestHp\\Reports\\20220524_150206\\Permata VA noPay 2\\20220524_150207\\execution0.log"/>
         <property name="attachments" value="C:\\Users\\E2PAY\\git\\simulatorTestHp\\Reports\\20220524_150206\\Permata VA noPay 2\\20220524_150207\\1653379404162.png, C:\\Users\\E2PAY\\git\\simulatorTestHp\\Reports\\20220524_150206\\Permata VA noPay 2\\20220524_150207\\1653379421997.png, C:\\Users\\E2PAY\\git\\simulatorTestHp\\Reports\\20220524_150206\\Permata VA noPay 2\\20220524_150207\\1653379447541.png, C:\\Users\\E2PAY\\git\\simulatorTestHp\\Reports\\20220524_150206\\Permata VA noPay 2\\20220524_150207\\1653379453833.png, C:\\Users\\E2PAY\\git\\simulatorTestHp\\Reports\\20220524_150206\\Permata VA noPay 2\\20220524_150207\\1653379476542.png, C:\\Users\\E2PAY\\git\\simulatorTestHp\\Reports\\20220524_150206\\Permata VA noPay 2\\20220524_150207\\1653379483781.png, C:\\Users\\E2PAY\\git\\simulatorTestHp\\Reports\\20220524_150206\\Permata VA noPay 2\\20220524_150207\\1653379506101.png, C:\\Users\\E2PAY\\git\\simulatorTestHp\\Reports\\20220524_150206\\Permata VA noPay 2\\20220524_150207\\1653379511878.png, C:\\Users\\E2PAY\\git\\simulatorTestHp\\Reports\\20220524_150206\\Permata VA noPay 2\\20220524_150207\\1653379533068.png, C:\\Users\\E2PAY\\git\\simulatorTestHp\\Reports\\20220524_150206\\Permata VA noPay 2\\20220524_150207\\1653379539116.png, C:\\Users\\E2PAY\\git\\simulatorTestHp\\Reports\\20220524_150206\\Permata VA noPay 2\\20220524_150207\\1653379561163.png, C:\\Users\\E2PAY\\git\\simulatorTestHp\\Reports\\20220524_150206\\Permata VA noPay 2\\20220524_150207\\1653379566933.png, C:\\Users\\E2PAY\\git\\simulatorTestHp\\Reports\\20220524_150206\\Permata VA noPay 2\\20220524_150207\\1653379589228.png, C:\\Users\\E2PAY\\git\\simulatorTestHp\\Reports\\20220524_150206\\Permata VA noPay 2\\20220524_150207\\1653379594899.png, C:\\Users\\E2PAY\\git\\simulatorTestHp\\Reports\\20220524_150206\\Permata VA noPay 2\\20220524_150207\\1653379618118.png, C:\\Users\\E2PAY\\git\\simulatorTestHp\\Reports\\20220524_150206\\Permata VA noPay 2\\20220524_150207\\1653379624101.png, C:\\Users\\E2PAY\\git\\simulatorTestHp\\Reports\\20220524_150206\\Permata VA noPay 2\\20220524_150207\\1653379644965.png, C:\\Users\\E2PAY\\git\\simulatorTestHp\\Reports\\20220524_150206\\Permata VA noPay 2\\20220524_150207\\1653379651442.png, C:\\Users\\E2PAY\\git\\simulatorTestHp\\Reports\\20220524_150206\\Permata VA noPay 2\\20220524_150207\\1653379673067.png, C:\\Users\\E2PAY\\git\\simulatorTestHp\\Reports\\20220524_150206\\Permata VA noPay 2\\20220524_150207\\1653379678959.png"/>
         <property name="hostName" value="E2PAY - LAPTOP-9GU3I3BG"/>
         <property name="os" value="Windows 10 64bit"/>
         <property name="katalonVersion" value="8.3.0.208"/>
         <property name="browser" value="Chrome 101.0.4951.67"/>
         <property name="hostAddress" value="10.18.11.215"/>
         <property name="sessionId" value="178b8f104091342f930384c86406d033"/>
         <property name="seleniumVersion" value="3.141.59"/>
         <property name="proxyInformation" value="ProxyInformation { proxyOption=NO_PROXY, proxyServerType=HTTP, username=, password=********, proxyServerAddress=, proxyServerPort=0, executionList=&quot;&quot;, isApplyToDesiredCapabilities=true }"/>
         <property name="platform" value="Windows 10"/>
      </properties>
      <testcase name="Test Cases/simulator - pass PERMATA noPay - Copy" time="338.399" classname="Test Cases/simulator - pass PERMATA noPay - Copy" status="PASSED">
         <system-out><![CDATA[2022-05-24 15:02:21 - [TEST_CASE][PASSED] - Test Cases/simulator - pass PERMATA noPay - Copy: Test Cases/simulator - pass PERMATA noPay - Copy

2022-05-24 15:02:24 - [TEST_STEP][PASSED] - openBrowser(""): Browser is opened with url: ''

2022-05-24 15:02:25 - [MESSAGE][INFO] - Starting 'Chrome' driver

2022-05-24 15:02:26 - [MESSAGE][INFO] - Action delay is set to 0 milliseconds

2022-05-24 15:02:31 - [MESSAGE][PASSED] - Browser is opened with url: ''

2022-05-24 15:02:31 - [TEST_STEP][PASSED] - for ([i = 1, i <= 10, (i++)]): Taking screenshot successfully

2022-05-24 15:02:31 - [TEST_STEP][PASSED] - navigateToUrl("www.google.com"): Navigate to 'http://www.google.com' successfully

2022-05-24 15:02:37 - [MESSAGE][PASSED] - Navigate to 'http://www.google.com' successfully

2022-05-24 15:02:37 - [TEST_STEP][PASSED] - delay(1): Delayed 1 second(s)

2022-05-24 15:02:38 - [MESSAGE][PASSED] - Delayed 1 second(s)

2022-05-24 15:02:38 - [TEST_STEP][PASSED] - temp_amount = amount + i: null

2022-05-24 15:02:38 - [TEST_STEP][PASSED] - temp = all + temp_amount + "00": null

2022-05-24 15:02:38 - [TEST_STEP][PASSED] - setText(findTestObject("Page_Google/search"), temp): Text 'EPT0000222200100' is set on object 'Object Repository/Page_Google/search'

2022-05-24 15:02:40 - [MESSAGE][PASSED] - Text 'EPT0000222200100' is set on object 'Object Repository/Page_Google/search'

2022-05-24 15:02:40 - [TEST_STEP][PASSED] - sendKeys(findTestObject("Page_Google/search"), Keys.chord(CONTROL, "a")): Keys 'CONTROL + a' sent to object: 'Object Repository/Page_Google/search'

2022-05-24 15:02:41 - [MESSAGE][PASSED] - Keys 'CONTROL + a' sent to object: 'Object Repository/Page_Google/search'

2022-05-24 15:02:41 - [TEST_STEP][PASSED] - sendKeys(findTestObject("Page_Google/search"), Keys.chord(CONTROL, "c")): Keys 'CONTROL + c' sent to object: 'Object Repository/Page_Google/search'

2022-05-24 15:02:41 - [MESSAGE][PASSED] - Keys 'CONTROL + c' sent to object: 'Object Repository/Page_Google/search'

2022-05-24 15:02:41 - [TEST_STEP][PASSED] - navigateToUrl("https://simulatortest.e2pay.co.id/simulator/"): Navigate to 'https://simulatortest.e2pay.co.id/simulator/' successfully

2022-05-24 15:02:51 - [MESSAGE][PASSED] - Navigate to 'https://simulatortest.e2pay.co.id/simulator/' successfully

2022-05-24 15:02:51 - [TEST_STEP][PASSED] - delay(2): Delayed 2 second(s)

2022-05-24 15:02:53 - [MESSAGE][PASSED] - Delayed 2 second(s)

2022-05-24 15:02:53 - [TEST_STEP][PASSED] - click(findTestObject("simulator post/input_merhant code")): Object: 'Object Repository/simulator post/input_merhant code' is clicked on

2022-05-24 15:03:06 - [MESSAGE][PASSED] - Object: 'Object Repository/simulator post/input_merhant code' is clicked on

2022-05-24 15:03:06 - [TEST_STEP][PASSED] - sendKeys(findTestObject("simulator post/input_merhant code"), Keys.chord(CONTROL, "a")): Keys 'CONTROL + a' sent to object: 'Object Repository/simulator post/input_merhant code'

2022-05-24 15:03:06 - [MESSAGE][PASSED] - Keys 'CONTROL + a' sent to object: 'Object Repository/simulator post/input_merhant code'

2022-05-24 15:03:06 - [TEST_STEP][PASSED] - sendKeys(findTestObject("simulator post/input_merhant code"), Keys.chord(DELETE)): Keys 'DELETE + ' sent to object: 'Object Repository/simulator post/input_merhant code'

2022-05-24 15:03:07 - [MESSAGE][PASSED] - Keys 'DELETE + ' sent to object: 'Object Repository/simulator post/input_merhant code'

2022-05-24 15:03:07 - [TEST_STEP][PASSED] - sendKeys(findTestObject("simulator post/input_merhant code"), Keys.chord(CONTROL, "v")): Keys 'CONTROL + v' sent to object: 'Object Repository/simulator post/input_merhant code'

2022-05-24 15:03:08 - [MESSAGE][PASSED] - Keys 'CONTROL + v' sent to object: 'Object Repository/simulator post/input_merhant code'

2022-05-24 15:03:08 - [TEST_STEP][PASSED] - sendKeys(findTestObject("simulator post/input_merhant code"), Keys.chord(SHIFT, ARROW_LEFT, ARROW_LEFT, ARROW_LEFT, ARROW_LEFT, ARROW_LEFT, ARROW_LEFT, ARROW_LEFT, ARROW_LEFT)): Keys 'SHIFT + LEFT + LEFT + LEFT + LEFT + LEFT + LEFT + LEFT + LEFT + ' sent to object: 'Object Repository/simulator post/input_merhant code'

2022-05-24 15:03:09 - [MESSAGE][PASSED] - Keys 'SHIFT + LEFT + LEFT + LEFT + LEFT + LEFT + LEFT + LEFT + LEFT + ' sent to object: 'Object Repository/simulator post/input_merhant code'

2022-05-24 15:03:09 - [TEST_STEP][PASSED] - sendKeys(findTestObject("simulator post/input_merhant code"), Keys.chord(CONTROL, "x")): Keys 'CONTROL + x' sent to object: 'Object Repository/simulator post/input_merhant code'

2022-05-24 15:03:09 - [MESSAGE][PASSED] - Keys 'CONTROL + x' sent to object: 'Object Repository/simulator post/input_merhant code'

2022-05-24 15:03:09 - [TEST_STEP][PASSED] - click(findTestObject("simulator post/input_paymentID")): Object: 'Object Repository/simulator post/input_paymentID' is clicked on

2022-05-24 15:03:10 - [MESSAGE][PASSED] - Object: 'Object Repository/simulator post/input_paymentID' is clicked on

2022-05-24 15:03:10 - [TEST_STEP][PASSED] - sendKeys(findTestObject("simulator post/input_paymentID"), Keys.chord(CONTROL, "a")): Keys 'CONTROL + a' sent to object: 'Object Repository/simulator post/input_paymentID'

2022-05-24 15:03:11 - [MESSAGE][PASSED] - Keys 'CONTROL + a' sent to object: 'Object Repository/simulator post/input_paymentID'

2022-05-24 15:03:11 - [TEST_STEP][PASSED] - sendKeys(findTestObject("simulator post/input_paymentID"), Keys.chord(DELETE)): Keys 'DELETE + ' sent to object: 'Object Repository/simulator post/input_paymentID'

2022-05-24 15:03:12 - [MESSAGE][PASSED] - Keys 'DELETE + ' sent to object: 'Object Repository/simulator post/input_paymentID'

2022-05-24 15:03:12 - [TEST_STEP][PASSED] - sendKeys(findTestObject("simulator post/input_paymentID"), Keys.chord(CONTROL, "v")): Keys 'CONTROL + v' sent to object: 'Object Repository/simulator post/input_paymentID'

2022-05-24 15:03:12 - [MESSAGE][PASSED] - Keys 'CONTROL + v' sent to object: 'Object Repository/simulator post/input_paymentID'

2022-05-24 15:03:12 - [TEST_STEP][PASSED] - sendKeys(findTestObject("simulator post/input_paymentID"), Keys.chord(SHIFT, ARROW_LEFT, ARROW_LEFT, ARROW_LEFT, ARROW_LEFT, ARROW_LEFT, ARROW_LEFT)): Keys 'SHIFT + LEFT + LEFT + LEFT + LEFT + LEFT + LEFT + ' sent to object: 'Object Repository/simulator post/input_paymentID'

2022-05-24 15:03:13 - [MESSAGE][PASSED] - Keys 'SHIFT + LEFT + LEFT + LEFT + LEFT + LEFT + LEFT + ' sent to object: 'Object Repository/simulator post/input_paymentID'

2022-05-24 15:03:13 - [TEST_STEP][PASSED] - sendKeys(findTestObject("simulator post/input_paymentID"), Keys.chord(CONTROL, "x")): Keys 'CONTROL + x' sent to object: 'Object Repository/simulator post/input_paymentID'

2022-05-24 15:03:19 - [MESSAGE][PASSED] - Keys 'CONTROL + x' sent to object: 'Object Repository/simulator post/input_paymentID'

2022-05-24 15:03:19 - [TEST_STEP][PASSED] - click(findTestObject("simulator post/input_amount")): Object: 'Object Repository/simulator post/input_amount' is clicked on

2022-05-24 15:03:20 - [MESSAGE][PASSED] - Object: 'Object Repository/simulator post/input_amount' is clicked on

2022-05-24 15:03:20 - [TEST_STEP][PASSED] - sendKeys(findTestObject("simulator post/input_amount"), Keys.chord(CONTROL, "a")): Keys 'CONTROL + a' sent to object: 'Object Repository/simulator post/input_amount'

2022-05-24 15:03:21 - [MESSAGE][PASSED] - Keys 'CONTROL + a' sent to object: 'Object Repository/simulator post/input_amount'

2022-05-24 15:03:21 - [TEST_STEP][PASSED] - sendKeys(findTestObject("simulator post/input_amount"), Keys.chord(DELETE)): Keys 'DELETE + ' sent to object: 'Object Repository/simulator post/input_amount'

2022-05-24 15:03:21 - [MESSAGE][PASSED] - Keys 'DELETE + ' sent to object: 'Object Repository/simulator post/input_amount'

2022-05-24 15:03:21 - [TEST_STEP][PASSED] - sendKeys(findTestObject("simulator post/input_amount"), Keys.chord(CONTROL, "v")): Keys 'CONTROL + v' sent to object: 'Object Repository/simulator post/input_amount'

2022-05-24 15:03:22 - [MESSAGE][PASSED] - Keys 'CONTROL + v' sent to object: 'Object Repository/simulator post/input_amount'

2022-05-24 15:03:22 - [TEST_STEP][PASSED] - value_amount = getText(findTestObject("simulator post/input_amount")): Text of object 'Object Repository/simulator post/input_amount' is: 'Amount'

2022-05-24 15:03:23 - [MESSAGE][PASSED] - Text of object 'Object Repository/simulator post/input_amount' is: 'Amount'

2022-05-24 15:03:23 - [TEST_STEP][PASSED] - delay(1): Delayed 1 second(s)

2022-05-24 15:03:24 - [MESSAGE][PASSED] - Delayed 1 second(s)

2022-05-24 15:03:24 - [TEST_STEP][PASSED] - println(value_amount): null

2022-05-24 15:03:24 - [TEST_STEP][PASSED] - takeFullPageScreenshot(): Taking screenshot successfully

2022-05-24 15:03:29 - [MESSAGE][INFO] - 0 hidden object(s)

2022-05-24 15:03:30 - [MESSAGE][PASSED] - Taking screenshot successfully
[[ATTACHMENT|C:\\Users\\E2PAY\\git\\simulatorTestHp\\Reports\\20220524_150206\\Permata VA noPay 2\\20220524_150207\\1653379404162.png]]

2022-05-24 15:03:30 - [TEST_STEP][PASSED] - click(findTestObject("simulator post/btn_proses payment")): Object: 'Object Repository/simulator post/btn_proses payment' is clicked on

2022-05-24 15:03:31 - [MESSAGE][PASSED] - Object: 'Object Repository/simulator post/btn_proses payment' is clicked on

2022-05-24 15:03:31 - [TEST_STEP][PASSED] - delay(1): Delayed 1 second(s)

2022-05-24 15:03:32 - [MESSAGE][PASSED] - Delayed 1 second(s)

2022-05-24 15:03:32 - [TEST_STEP][PASSED] - va = getText(findTestObject("page_tagihan BCA/div_700701701000000319")): Text of object 'Object Repository/page_tagihan BCA/div_700701701000000319' is: '8452170000122638'

2022-05-24 15:03:39 - [MESSAGE][PASSED] - Text of object 'Object Repository/page_tagihan BCA/div_700701701000000319' is: '8452170000122638'

2022-05-24 15:03:40 - [TEST_STEP][PASSED] - value_bayar = getText(findTestObject("page_tagihan BCA/span_Rp 300.000,00")): Text of object 'Object Repository/page_tagihan BCA/span_Rp 300.000,00' is: 'Rp 1.001,00'

2022-05-24 15:03:40 - [MESSAGE][PASSED] - Text of object 'Object Repository/page_tagihan BCA/span_Rp 300.000,00' is: 'Rp 1.001,00'

2022-05-24 15:03:40 - [TEST_STEP][PASSED] - delay(1): Delayed 1 second(s)

2022-05-24 15:03:41 - [MESSAGE][PASSED] - Delayed 1 second(s)

2022-05-24 15:03:41 - [TEST_STEP][PASSED] - takeFullPageScreenshot(): Taking screenshot successfully

2022-05-24 15:03:43 - [MESSAGE][INFO] - 0 hidden object(s)

2022-05-24 15:03:43 - [MESSAGE][PASSED] - Taking screenshot successfully
[[ATTACHMENT|C:\\Users\\E2PAY\\git\\simulatorTestHp\\Reports\\20220524_150206\\Permata VA noPay 2\\20220524_150207\\1653379421997.png]]

2022-05-24 15:03:43 - [TEST_STEP][PASSED] - navigateToUrl("www.google.com"): Navigate to 'http://www.google.com' successfully

2022-05-24 15:03:45 - [MESSAGE][PASSED] - Navigate to 'http://www.google.com' successfully

2022-05-24 15:03:45 - [TEST_STEP][PASSED] - delay(1): Delayed 1 second(s)

2022-05-24 15:03:46 - [MESSAGE][PASSED] - Delayed 1 second(s)

2022-05-24 15:03:46 - [TEST_STEP][PASSED] - temp_amount = amount + i: null

2022-05-24 15:03:46 - [TEST_STEP][PASSED] - temp = all + temp_amount + "00": null

2022-05-24 15:03:46 - [TEST_STEP][PASSED] - setText(findTestObject("Page_Google/search"), temp): Text 'EPT0000222200200' is set on object 'Object Repository/Page_Google/search'

2022-05-24 15:03:47 - [MESSAGE][PASSED] - Text 'EPT0000222200200' is set on object 'Object Repository/Page_Google/search'

2022-05-24 15:03:47 - [TEST_STEP][PASSED] - sendKeys(findTestObject("Page_Google/search"), Keys.chord(CONTROL, "a")): Keys 'CONTROL + a' sent to object: 'Object Repository/Page_Google/search'

2022-05-24 15:03:47 - [MESSAGE][PASSED] - Keys 'CONTROL + a' sent to object: 'Object Repository/Page_Google/search'

2022-05-24 15:03:47 - [TEST_STEP][PASSED] - sendKeys(findTestObject("Page_Google/search"), Keys.chord(CONTROL, "c")): Keys 'CONTROL + c' sent to object: 'Object Repository/Page_Google/search'

2022-05-24 15:03:48 - [MESSAGE][PASSED] - Keys 'CONTROL + c' sent to object: 'Object Repository/Page_Google/search'

2022-05-24 15:03:48 - [TEST_STEP][PASSED] - navigateToUrl("https://simulatortest.e2pay.co.id/simulator/"): Navigate to 'https://simulatortest.e2pay.co.id/simulator/' successfully

2022-05-24 15:03:49 - [MESSAGE][PASSED] - Navigate to 'https://simulatortest.e2pay.co.id/simulator/' successfully

2022-05-24 15:03:49 - [TEST_STEP][PASSED] - delay(2): Delayed 2 second(s)

2022-05-24 15:03:51 - [MESSAGE][PASSED] - Delayed 2 second(s)

2022-05-24 15:03:51 - [TEST_STEP][PASSED] - click(findTestObject("simulator post/input_merhant code")): Object: 'Object Repository/simulator post/input_merhant code' is clicked on

2022-05-24 15:03:54 - [MESSAGE][PASSED] - Object: 'Object Repository/simulator post/input_merhant code' is clicked on

2022-05-24 15:03:54 - [TEST_STEP][PASSED] - sendKeys(findTestObject("simulator post/input_merhant code"), Keys.chord(CONTROL, "a")): Keys 'CONTROL + a' sent to object: 'Object Repository/simulator post/input_merhant code'

2022-05-24 15:03:54 - [MESSAGE][PASSED] - Keys 'CONTROL + a' sent to object: 'Object Repository/simulator post/input_merhant code'

2022-05-24 15:03:54 - [TEST_STEP][PASSED] - sendKeys(findTestObject("simulator post/input_merhant code"), Keys.chord(DELETE)): Keys 'DELETE + ' sent to object: 'Object Repository/simulator post/input_merhant code'

2022-05-24 15:03:56 - [MESSAGE][PASSED] - Keys 'DELETE + ' sent to object: 'Object Repository/simulator post/input_merhant code'

2022-05-24 15:03:56 - [TEST_STEP][PASSED] - sendKeys(findTestObject("simulator post/input_merhant code"), Keys.chord(CONTROL, "v")): Keys 'CONTROL + v' sent to object: 'Object Repository/simulator post/input_merhant code'

2022-05-24 15:03:56 - [MESSAGE][PASSED] - Keys 'CONTROL + v' sent to object: 'Object Repository/simulator post/input_merhant code'

2022-05-24 15:03:56 - [TEST_STEP][PASSED] - sendKeys(findTestObject("simulator post/input_merhant code"), Keys.chord(SHIFT, ARROW_LEFT, ARROW_LEFT, ARROW_LEFT, ARROW_LEFT, ARROW_LEFT, ARROW_LEFT, ARROW_LEFT, ARROW_LEFT)): Keys 'SHIFT + LEFT + LEFT + LEFT + LEFT + LEFT + LEFT + LEFT + LEFT + ' sent to object: 'Object Repository/simulator post/input_merhant code'

2022-05-24 15:03:57 - [MESSAGE][PASSED] - Keys 'SHIFT + LEFT + LEFT + LEFT + LEFT + LEFT + LEFT + LEFT + LEFT + ' sent to object: 'Object Repository/simulator post/input_merhant code'

2022-05-24 15:03:57 - [TEST_STEP][PASSED] - sendKeys(findTestObject("simulator post/input_merhant code"), Keys.chord(CONTROL, "x")): Keys 'CONTROL + x' sent to object: 'Object Repository/simulator post/input_merhant code'

2022-05-24 15:03:58 - [MESSAGE][PASSED] - Keys 'CONTROL + x' sent to object: 'Object Repository/simulator post/input_merhant code'

2022-05-24 15:03:58 - [TEST_STEP][PASSED] - click(findTestObject("simulator post/input_paymentID")): Object: 'Object Repository/simulator post/input_paymentID' is clicked on

2022-05-24 15:03:59 - [MESSAGE][PASSED] - Object: 'Object Repository/simulator post/input_paymentID' is clicked on

2022-05-24 15:03:59 - [TEST_STEP][PASSED] - sendKeys(findTestObject("simulator post/input_paymentID"), Keys.chord(CONTROL, "a")): Keys 'CONTROL + a' sent to object: 'Object Repository/simulator post/input_paymentID'

2022-05-24 15:04:00 - [MESSAGE][PASSED] - Keys 'CONTROL + a' sent to object: 'Object Repository/simulator post/input_paymentID'

2022-05-24 15:04:00 - [TEST_STEP][PASSED] - sendKeys(findTestObject("simulator post/input_paymentID"), Keys.chord(DELETE)): Keys 'DELETE + ' sent to object: 'Object Repository/simulator post/input_paymentID'

2022-05-24 15:04:00 - [MESSAGE][PASSED] - Keys 'DELETE + ' sent to object: 'Object Repository/simulator post/input_paymentID'

2022-05-24 15:04:00 - [TEST_STEP][PASSED] - sendKeys(findTestObject("simulator post/input_paymentID"), Keys.chord(CONTROL, "v")): Keys 'CONTROL + v' sent to object: 'Object Repository/simulator post/input_paymentID'

2022-05-24 15:04:01 - [MESSAGE][PASSED] - Keys 'CONTROL + v' sent to object: 'Object Repository/simulator post/input_paymentID'

2022-05-24 15:04:01 - [TEST_STEP][PASSED] - sendKeys(findTestObject("simulator post/input_paymentID"), Keys.chord(SHIFT, ARROW_LEFT, ARROW_LEFT, ARROW_LEFT, ARROW_LEFT, ARROW_LEFT, ARROW_LEFT)): Keys 'SHIFT + LEFT + LEFT + LEFT + LEFT + LEFT + LEFT + ' sent to object: 'Object Repository/simulator post/input_paymentID'

2022-05-24 15:04:02 - [MESSAGE][PASSED] - Keys 'SHIFT + LEFT + LEFT + LEFT + LEFT + LEFT + LEFT + ' sent to object: 'Object Repository/simulator post/input_paymentID'

2022-05-24 15:04:02 - [TEST_STEP][PASSED] - sendKeys(findTestObject("simulator post/input_paymentID"), Keys.chord(CONTROL, "x")): Keys 'CONTROL + x' sent to object: 'Object Repository/simulator post/input_paymentID'

2022-05-24 15:04:02 - [MESSAGE][PASSED] - Keys 'CONTROL + x' sent to object: 'Object Repository/simulator post/input_paymentID'

2022-05-24 15:04:02 - [TEST_STEP][PASSED] - click(findTestObject("simulator post/input_amount")): Object: 'Object Repository/simulator post/input_amount' is clicked on

2022-05-24 15:04:03 - [MESSAGE][PASSED] - Object: 'Object Repository/simulator post/input_amount' is clicked on

2022-05-24 15:04:03 - [TEST_STEP][PASSED] - sendKeys(findTestObject("simulator post/input_amount"), Keys.chord(CONTROL, "a")): Keys 'CONTROL + a' sent to object: 'Object Repository/simulator post/input_amount'

2022-05-24 15:04:04 - [MESSAGE][PASSED] - Keys 'CONTROL + a' sent to object: 'Object Repository/simulator post/input_amount'

2022-05-24 15:04:04 - [TEST_STEP][PASSED] - sendKeys(findTestObject("simulator post/input_amount"), Keys.chord(DELETE)): Keys 'DELETE + ' sent to object: 'Object Repository/simulator post/input_amount'

2022-05-24 15:04:05 - [MESSAGE][PASSED] - Keys 'DELETE + ' sent to object: 'Object Repository/simulator post/input_amount'

2022-05-24 15:04:05 - [TEST_STEP][PASSED] - sendKeys(findTestObject("simulator post/input_amount"), Keys.chord(CONTROL, "v")): Keys 'CONTROL + v' sent to object: 'Object Repository/simulator post/input_amount'

2022-05-24 15:04:05 - [MESSAGE][PASSED] - Keys 'CONTROL + v' sent to object: 'Object Repository/simulator post/input_amount'

2022-05-24 15:04:05 - [TEST_STEP][PASSED] - value_amount = getText(findTestObject("simulator post/input_amount")): Text of object 'Object Repository/simulator post/input_amount' is: 'Amount'

2022-05-24 15:04:06 - [MESSAGE][PASSED] - Text of object 'Object Repository/simulator post/input_amount' is: 'Amount'

2022-05-24 15:04:06 - [TEST_STEP][PASSED] - delay(1): Delayed 1 second(s)

2022-05-24 15:04:07 - [MESSAGE][PASSED] - Delayed 1 second(s)

2022-05-24 15:04:07 - [TEST_STEP][PASSED] - println(value_amount): null

2022-05-24 15:04:07 - [TEST_STEP][PASSED] - takeFullPageScreenshot(): Taking screenshot successfully

2022-05-24 15:04:08 - [MESSAGE][INFO] - 0 hidden object(s)

2022-05-24 15:04:08 - [MESSAGE][PASSED] - Taking screenshot successfully
[[ATTACHMENT|C:\\Users\\E2PAY\\git\\simulatorTestHp\\Reports\\20220524_150206\\Permata VA noPay 2\\20220524_150207\\1653379447541.png]]

2022-05-24 15:04:08 - [TEST_STEP][PASSED] - click(findTestObject("simulator post/btn_proses payment")): Object: 'Object Repository/simulator post/btn_proses payment' is clicked on

2022-05-24 15:04:09 - [MESSAGE][PASSED] - Object: 'Object Repository/simulator post/btn_proses payment' is clicked on

2022-05-24 15:04:09 - [TEST_STEP][PASSED] - delay(1): Delayed 1 second(s)

2022-05-24 15:04:10 - [MESSAGE][PASSED] - Delayed 1 second(s)

2022-05-24 15:04:10 - [TEST_STEP][PASSED] - va = getText(findTestObject("page_tagihan BCA/div_700701701000000319")): Text of object 'Object Repository/page_tagihan BCA/div_700701701000000319' is: '8452170000122639'

2022-05-24 15:04:11 - [MESSAGE][PASSED] - Text of object 'Object Repository/page_tagihan BCA/div_700701701000000319' is: '8452170000122639'

2022-05-24 15:04:11 - [TEST_STEP][PASSED] - value_bayar = getText(findTestObject("page_tagihan BCA/span_Rp 300.000,00")): Text of object 'Object Repository/page_tagihan BCA/span_Rp 300.000,00' is: 'Rp 2.002,00'

2022-05-24 15:04:12 - [MESSAGE][PASSED] - Text of object 'Object Repository/page_tagihan BCA/span_Rp 300.000,00' is: 'Rp 2.002,00'

2022-05-24 15:04:12 - [TEST_STEP][PASSED] - delay(1): Delayed 1 second(s)

2022-05-24 15:04:13 - [MESSAGE][PASSED] - Delayed 1 second(s)

2022-05-24 15:04:13 - [TEST_STEP][PASSED] - takeFullPageScreenshot(): Taking screenshot successfully

2022-05-24 15:04:14 - [MESSAGE][INFO] - 0 hidden object(s)

2022-05-24 15:04:14 - [MESSAGE][PASSED] - Taking screenshot successfully
[[ATTACHMENT|C:\\Users\\E2PAY\\git\\simulatorTestHp\\Reports\\20220524_150206\\Permata VA noPay 2\\20220524_150207\\1653379453833.png]]

2022-05-24 15:04:14 - [TEST_STEP][PASSED] - navigateToUrl("www.google.com"): Navigate to 'http://www.google.com' successfully

2022-05-24 15:04:15 - [MESSAGE][PASSED] - Navigate to 'http://www.google.com' successfully

2022-05-24 15:04:15 - [TEST_STEP][PASSED] - delay(1): Delayed 1 second(s)

2022-05-24 15:04:16 - [MESSAGE][PASSED] - Delayed 1 second(s)

2022-05-24 15:04:16 - [TEST_STEP][PASSED] - temp_amount = amount + i: null

2022-05-24 15:04:16 - [TEST_STEP][PASSED] - temp = all + temp_amount + "00": null

2022-05-24 15:04:16 - [TEST_STEP][PASSED] - setText(findTestObject("Page_Google/search"), temp): Text 'EPT0000222200300' is set on object 'Object Repository/Page_Google/search'

2022-05-24 15:04:17 - [MESSAGE][PASSED] - Text 'EPT0000222200300' is set on object 'Object Repository/Page_Google/search'

2022-05-24 15:04:17 - [TEST_STEP][PASSED] - sendKeys(findTestObject("Page_Google/search"), Keys.chord(CONTROL, "a")): Keys 'CONTROL + a' sent to object: 'Object Repository/Page_Google/search'

2022-05-24 15:04:18 - [MESSAGE][PASSED] - Keys 'CONTROL + a' sent to object: 'Object Repository/Page_Google/search'

2022-05-24 15:04:18 - [TEST_STEP][PASSED] - sendKeys(findTestObject("Page_Google/search"), Keys.chord(CONTROL, "c")): Keys 'CONTROL + c' sent to object: 'Object Repository/Page_Google/search'

2022-05-24 15:04:19 - [MESSAGE][PASSED] - Keys 'CONTROL + c' sent to object: 'Object Repository/Page_Google/search'

2022-05-24 15:04:19 - [TEST_STEP][PASSED] - navigateToUrl("https://simulatortest.e2pay.co.id/simulator/"): Navigate to 'https://simulatortest.e2pay.co.id/simulator/' successfully

2022-05-24 15:04:20 - [MESSAGE][PASSED] - Navigate to 'https://simulatortest.e2pay.co.id/simulator/' successfully

2022-05-24 15:04:20 - [TEST_STEP][PASSED] - delay(2): Delayed 2 second(s)

2022-05-24 15:04:22 - [MESSAGE][PASSED] - Delayed 2 second(s)

2022-05-24 15:04:22 - [TEST_STEP][PASSED] - click(findTestObject("simulator post/input_merhant code")): Object: 'Object Repository/simulator post/input_merhant code' is clicked on

2022-05-24 15:04:23 - [MESSAGE][PASSED] - Object: 'Object Repository/simulator post/input_merhant code' is clicked on

2022-05-24 15:04:23 - [TEST_STEP][PASSED] - sendKeys(findTestObject("simulator post/input_merhant code"), Keys.chord(CONTROL, "a")): Keys 'CONTROL + a' sent to object: 'Object Repository/simulator post/input_merhant code'

2022-05-24 15:04:23 - [MESSAGE][PASSED] - Keys 'CONTROL + a' sent to object: 'Object Repository/simulator post/input_merhant code'

2022-05-24 15:04:23 - [TEST_STEP][PASSED] - sendKeys(findTestObject("simulator post/input_merhant code"), Keys.chord(DELETE)): Keys 'DELETE + ' sent to object: 'Object Repository/simulator post/input_merhant code'

2022-05-24 15:04:25 - [MESSAGE][PASSED] - Keys 'DELETE + ' sent to object: 'Object Repository/simulator post/input_merhant code'

2022-05-24 15:04:25 - [TEST_STEP][PASSED] - sendKeys(findTestObject("simulator post/input_merhant code"), Keys.chord(CONTROL, "v")): Keys 'CONTROL + v' sent to object: 'Object Repository/simulator post/input_merhant code'

2022-05-24 15:04:25 - [MESSAGE][PASSED] - Keys 'CONTROL + v' sent to object: 'Object Repository/simulator post/input_merhant code'

2022-05-24 15:04:25 - [TEST_STEP][PASSED] - sendKeys(findTestObject("simulator post/input_merhant code"), Keys.chord(SHIFT, ARROW_LEFT, ARROW_LEFT, ARROW_LEFT, ARROW_LEFT, ARROW_LEFT, ARROW_LEFT, ARROW_LEFT, ARROW_LEFT)): Keys 'SHIFT + LEFT + LEFT + LEFT + LEFT + LEFT + LEFT + LEFT + LEFT + ' sent to object: 'Object Repository/simulator post/input_merhant code'

2022-05-24 15:04:26 - [MESSAGE][PASSED] - Keys 'SHIFT + LEFT + LEFT + LEFT + LEFT + LEFT + LEFT + LEFT + LEFT + ' sent to object: 'Object Repository/simulator post/input_merhant code'

2022-05-24 15:04:26 - [TEST_STEP][PASSED] - sendKeys(findTestObject("simulator post/input_merhant code"), Keys.chord(CONTROL, "x")): Keys 'CONTROL + x' sent to object: 'Object Repository/simulator post/input_merhant code'

2022-05-24 15:04:26 - [MESSAGE][PASSED] - Keys 'CONTROL + x' sent to object: 'Object Repository/simulator post/input_merhant code'

2022-05-24 15:04:26 - [TEST_STEP][PASSED] - click(findTestObject("simulator post/input_paymentID")): Object: 'Object Repository/simulator post/input_paymentID' is clicked on

2022-05-24 15:04:27 - [MESSAGE][PASSED] - Object: 'Object Repository/simulator post/input_paymentID' is clicked on

2022-05-24 15:04:27 - [TEST_STEP][PASSED] - sendKeys(findTestObject("simulator post/input_paymentID"), Keys.chord(CONTROL, "a")): Keys 'CONTROL + a' sent to object: 'Object Repository/simulator post/input_paymentID'

2022-05-24 15:04:28 - [MESSAGE][PASSED] - Keys 'CONTROL + a' sent to object: 'Object Repository/simulator post/input_paymentID'

2022-05-24 15:04:28 - [TEST_STEP][PASSED] - sendKeys(findTestObject("simulator post/input_paymentID"), Keys.chord(DELETE)): Keys 'DELETE + ' sent to object: 'Object Repository/simulator post/input_paymentID'

2022-05-24 15:04:29 - [MESSAGE][PASSED] - Keys 'DELETE + ' sent to object: 'Object Repository/simulator post/input_paymentID'

2022-05-24 15:04:29 - [TEST_STEP][PASSED] - sendKeys(findTestObject("simulator post/input_paymentID"), Keys.chord(CONTROL, "v")): Keys 'CONTROL + v' sent to object: 'Object Repository/simulator post/input_paymentID'

2022-05-24 15:04:30 - [MESSAGE][PASSED] - Keys 'CONTROL + v' sent to object: 'Object Repository/simulator post/input_paymentID'

2022-05-24 15:04:30 - [TEST_STEP][PASSED] - sendKeys(findTestObject("simulator post/input_paymentID"), Keys.chord(SHIFT, ARROW_LEFT, ARROW_LEFT, ARROW_LEFT, ARROW_LEFT, ARROW_LEFT, ARROW_LEFT)): Keys 'SHIFT + LEFT + LEFT + LEFT + LEFT + LEFT + LEFT + ' sent to object: 'Object Repository/simulator post/input_paymentID'

2022-05-24 15:04:31 - [MESSAGE][PASSED] - Keys 'SHIFT + LEFT + LEFT + LEFT + LEFT + LEFT + LEFT + ' sent to object: 'Object Repository/simulator post/input_paymentID'

2022-05-24 15:04:31 - [TEST_STEP][PASSED] - sendKeys(findTestObject("simulator post/input_paymentID"), Keys.chord(CONTROL, "x")): Keys 'CONTROL + x' sent to object: 'Object Repository/simulator post/input_paymentID'

2022-05-24 15:04:32 - [MESSAGE][PASSED] - Keys 'CONTROL + x' sent to object: 'Object Repository/simulator post/input_paymentID'

2022-05-24 15:04:32 - [TEST_STEP][PASSED] - click(findTestObject("simulator post/input_amount")): Object: 'Object Repository/simulator post/input_amount' is clicked on

2022-05-24 15:04:32 - [MESSAGE][PASSED] - Object: 'Object Repository/simulator post/input_amount' is clicked on

2022-05-24 15:04:32 - [TEST_STEP][PASSED] - sendKeys(findTestObject("simulator post/input_amount"), Keys.chord(CONTROL, "a")): Keys 'CONTROL + a' sent to object: 'Object Repository/simulator post/input_amount'

2022-05-24 15:04:33 - [MESSAGE][PASSED] - Keys 'CONTROL + a' sent to object: 'Object Repository/simulator post/input_amount'

2022-05-24 15:04:33 - [TEST_STEP][PASSED] - sendKeys(findTestObject("simulator post/input_amount"), Keys.chord(DELETE)): Keys 'DELETE + ' sent to object: 'Object Repository/simulator post/input_amount'

2022-05-24 15:04:34 - [MESSAGE][PASSED] - Keys 'DELETE + ' sent to object: 'Object Repository/simulator post/input_amount'

2022-05-24 15:04:34 - [TEST_STEP][PASSED] - sendKeys(findTestObject("simulator post/input_amount"), Keys.chord(CONTROL, "v")): Keys 'CONTROL + v' sent to object: 'Object Repository/simulator post/input_amount'

2022-05-24 15:04:34 - [MESSAGE][PASSED] - Keys 'CONTROL + v' sent to object: 'Object Repository/simulator post/input_amount'

2022-05-24 15:04:34 - [TEST_STEP][PASSED] - value_amount = getText(findTestObject("simulator post/input_amount")): Text of object 'Object Repository/simulator post/input_amount' is: 'Amount'

2022-05-24 15:04:35 - [MESSAGE][PASSED] - Text of object 'Object Repository/simulator post/input_amount' is: 'Amount'

2022-05-24 15:04:35 - [TEST_STEP][PASSED] - delay(1): Delayed 1 second(s)

2022-05-24 15:04:36 - [MESSAGE][PASSED] - Delayed 1 second(s)

2022-05-24 15:04:36 - [TEST_STEP][PASSED] - println(value_amount): null

2022-05-24 15:04:36 - [TEST_STEP][PASSED] - takeFullPageScreenshot(): Taking screenshot successfully

2022-05-24 15:04:37 - [MESSAGE][INFO] - 0 hidden object(s)

2022-05-24 15:04:37 - [MESSAGE][PASSED] - Taking screenshot successfully
[[ATTACHMENT|C:\\Users\\E2PAY\\git\\simulatorTestHp\\Reports\\20220524_150206\\Permata VA noPay 2\\20220524_150207\\1653379476542.png]]

2022-05-24 15:04:37 - [TEST_STEP][PASSED] - click(findTestObject("simulator post/btn_proses payment")): Object: 'Object Repository/simulator post/btn_proses payment' is clicked on

2022-05-24 15:04:38 - [MESSAGE][PASSED] - Object: 'Object Repository/simulator post/btn_proses payment' is clicked on

2022-05-24 15:04:38 - [TEST_STEP][PASSED] - delay(1): Delayed 1 second(s)

2022-05-24 15:04:39 - [MESSAGE][PASSED] - Delayed 1 second(s)

2022-05-24 15:04:39 - [TEST_STEP][PASSED] - va = getText(findTestObject("page_tagihan BCA/div_700701701000000319")): Text of object 'Object Repository/page_tagihan BCA/div_700701701000000319' is: '8452170000122640'

2022-05-24 15:04:41 - [MESSAGE][PASSED] - Text of object 'Object Repository/page_tagihan BCA/div_700701701000000319' is: '8452170000122640'

2022-05-24 15:04:41 - [TEST_STEP][PASSED] - value_bayar = getText(findTestObject("page_tagihan BCA/span_Rp 300.000,00")): Text of object 'Object Repository/page_tagihan BCA/span_Rp 300.000,00' is: 'Rp 2.003,00'

2022-05-24 15:04:42 - [MESSAGE][PASSED] - Text of object 'Object Repository/page_tagihan BCA/span_Rp 300.000,00' is: 'Rp 2.003,00'

2022-05-24 15:04:42 - [TEST_STEP][PASSED] - delay(1): Delayed 1 second(s)

2022-05-24 15:04:43 - [MESSAGE][PASSED] - Delayed 1 second(s)

2022-05-24 15:04:43 - [TEST_STEP][PASSED] - takeFullPageScreenshot(): Taking screenshot successfully

2022-05-24 15:04:44 - [MESSAGE][INFO] - 0 hidden object(s)

2022-05-24 15:04:44 - [MESSAGE][PASSED] - Taking screenshot successfully
[[ATTACHMENT|C:\\Users\\E2PAY\\git\\simulatorTestHp\\Reports\\20220524_150206\\Permata VA noPay 2\\20220524_150207\\1653379483781.png]]

2022-05-24 15:04:44 - [TEST_STEP][PASSED] - navigateToUrl("www.google.com"): Navigate to 'http://www.google.com' successfully

2022-05-24 15:04:45 - [MESSAGE][PASSED] - Navigate to 'http://www.google.com' successfully

2022-05-24 15:04:45 - [TEST_STEP][PASSED] - delay(1): Delayed 1 second(s)

2022-05-24 15:04:46 - [MESSAGE][PASSED] - Delayed 1 second(s)

2022-05-24 15:04:46 - [TEST_STEP][PASSED] - temp_amount = amount + i: null

2022-05-24 15:04:46 - [TEST_STEP][PASSED] - temp = all + temp_amount + "00": null

2022-05-24 15:04:46 - [TEST_STEP][PASSED] - setText(findTestObject("Page_Google/search"), temp): Text 'EPT0000222200400' is set on object 'Object Repository/Page_Google/search'

2022-05-24 15:04:47 - [MESSAGE][PASSED] - Text 'EPT0000222200400' is set on object 'Object Repository/Page_Google/search'

2022-05-24 15:04:47 - [TEST_STEP][PASSED] - sendKeys(findTestObject("Page_Google/search"), Keys.chord(CONTROL, "a")): Keys 'CONTROL + a' sent to object: 'Object Repository/Page_Google/search'

2022-05-24 15:04:48 - [MESSAGE][PASSED] - Keys 'CONTROL + a' sent to object: 'Object Repository/Page_Google/search'

2022-05-24 15:04:48 - [TEST_STEP][PASSED] - sendKeys(findTestObject("Page_Google/search"), Keys.chord(CONTROL, "c")): Keys 'CONTROL + c' sent to object: 'Object Repository/Page_Google/search'

2022-05-24 15:04:48 - [MESSAGE][PASSED] - Keys 'CONTROL + c' sent to object: 'Object Repository/Page_Google/search'

2022-05-24 15:04:48 - [TEST_STEP][PASSED] - navigateToUrl("https://simulatortest.e2pay.co.id/simulator/"): Navigate to 'https://simulatortest.e2pay.co.id/simulator/' successfully

2022-05-24 15:04:49 - [MESSAGE][PASSED] - Navigate to 'https://simulatortest.e2pay.co.id/simulator/' successfully

2022-05-24 15:04:49 - [TEST_STEP][PASSED] - delay(2): Delayed 2 second(s)

2022-05-24 15:04:51 - [MESSAGE][PASSED] - Delayed 2 second(s)

2022-05-24 15:04:51 - [TEST_STEP][PASSED] - click(findTestObject("simulator post/input_merhant code")): Object: 'Object Repository/simulator post/input_merhant code' is clicked on

2022-05-24 15:04:52 - [MESSAGE][PASSED] - Object: 'Object Repository/simulator post/input_merhant code' is clicked on

2022-05-24 15:04:52 - [TEST_STEP][PASSED] - sendKeys(findTestObject("simulator post/input_merhant code"), Keys.chord(CONTROL, "a")): Keys 'CONTROL + a' sent to object: 'Object Repository/simulator post/input_merhant code'

2022-05-24 15:04:52 - [MESSAGE][PASSED] - Keys 'CONTROL + a' sent to object: 'Object Repository/simulator post/input_merhant code'

2022-05-24 15:04:52 - [TEST_STEP][PASSED] - sendKeys(findTestObject("simulator post/input_merhant code"), Keys.chord(DELETE)): Keys 'DELETE + ' sent to object: 'Object Repository/simulator post/input_merhant code'

2022-05-24 15:04:54 - [MESSAGE][PASSED] - Keys 'DELETE + ' sent to object: 'Object Repository/simulator post/input_merhant code'

2022-05-24 15:04:54 - [TEST_STEP][PASSED] - sendKeys(findTestObject("simulator post/input_merhant code"), Keys.chord(CONTROL, "v")): Keys 'CONTROL + v' sent to object: 'Object Repository/simulator post/input_merhant code'

2022-05-24 15:04:55 - [MESSAGE][PASSED] - Keys 'CONTROL + v' sent to object: 'Object Repository/simulator post/input_merhant code'

2022-05-24 15:04:55 - [TEST_STEP][PASSED] - sendKeys(findTestObject("simulator post/input_merhant code"), Keys.chord(SHIFT, ARROW_LEFT, ARROW_LEFT, ARROW_LEFT, ARROW_LEFT, ARROW_LEFT, ARROW_LEFT, ARROW_LEFT, ARROW_LEFT)): Keys 'SHIFT + LEFT + LEFT + LEFT + LEFT + LEFT + LEFT + LEFT + LEFT + ' sent to object: 'Object Repository/simulator post/input_merhant code'

2022-05-24 15:04:55 - [MESSAGE][PASSED] - Keys 'SHIFT + LEFT + LEFT + LEFT + LEFT + LEFT + LEFT + LEFT + LEFT + ' sent to object: 'Object Repository/simulator post/input_merhant code'

2022-05-24 15:04:55 - [TEST_STEP][PASSED] - sendKeys(findTestObject("simulator post/input_merhant code"), Keys.chord(CONTROL, "x")): Keys 'CONTROL + x' sent to object: 'Object Repository/simulator post/input_merhant code'

2022-05-24 15:04:56 - [MESSAGE][PASSED] - Keys 'CONTROL + x' sent to object: 'Object Repository/simulator post/input_merhant code'

2022-05-24 15:04:56 - [TEST_STEP][PASSED] - click(findTestObject("simulator post/input_paymentID")): Object: 'Object Repository/simulator post/input_paymentID' is clicked on

2022-05-24 15:04:56 - [MESSAGE][PASSED] - Object: 'Object Repository/simulator post/input_paymentID' is clicked on

2022-05-24 15:04:56 - [TEST_STEP][PASSED] - sendKeys(findTestObject("simulator post/input_paymentID"), Keys.chord(CONTROL, "a")): Keys 'CONTROL + a' sent to object: 'Object Repository/simulator post/input_paymentID'

2022-05-24 15:04:58 - [MESSAGE][PASSED] - Keys 'CONTROL + a' sent to object: 'Object Repository/simulator post/input_paymentID'

2022-05-24 15:04:58 - [TEST_STEP][PASSED] - sendKeys(findTestObject("simulator post/input_paymentID"), Keys.chord(DELETE)): Keys 'DELETE + ' sent to object: 'Object Repository/simulator post/input_paymentID'

2022-05-24 15:04:58 - [MESSAGE][PASSED] - Keys 'DELETE + ' sent to object: 'Object Repository/simulator post/input_paymentID'

2022-05-24 15:04:58 - [TEST_STEP][PASSED] - sendKeys(findTestObject("simulator post/input_paymentID"), Keys.chord(CONTROL, "v")): Keys 'CONTROL + v' sent to object: 'Object Repository/simulator post/input_paymentID'

2022-05-24 15:05:00 - [MESSAGE][PASSED] - Keys 'CONTROL + v' sent to object: 'Object Repository/simulator post/input_paymentID'

2022-05-24 15:05:00 - [TEST_STEP][PASSED] - sendKeys(findTestObject("simulator post/input_paymentID"), Keys.chord(SHIFT, ARROW_LEFT, ARROW_LEFT, ARROW_LEFT, ARROW_LEFT, ARROW_LEFT, ARROW_LEFT)): Keys 'SHIFT + LEFT + LEFT + LEFT + LEFT + LEFT + LEFT + ' sent to object: 'Object Repository/simulator post/input_paymentID'

2022-05-24 15:05:00 - [MESSAGE][PASSED] - Keys 'SHIFT + LEFT + LEFT + LEFT + LEFT + LEFT + LEFT + ' sent to object: 'Object Repository/simulator post/input_paymentID'

2022-05-24 15:05:00 - [TEST_STEP][PASSED] - sendKeys(findTestObject("simulator post/input_paymentID"), Keys.chord(CONTROL, "x")): Keys 'CONTROL + x' sent to object: 'Object Repository/simulator post/input_paymentID'

2022-05-24 15:05:01 - [MESSAGE][PASSED] - Keys 'CONTROL + x' sent to object: 'Object Repository/simulator post/input_paymentID'

2022-05-24 15:05:01 - [TEST_STEP][PASSED] - click(findTestObject("simulator post/input_amount")): Object: 'Object Repository/simulator post/input_amount' is clicked on

2022-05-24 15:05:01 - [MESSAGE][PASSED] - Object: 'Object Repository/simulator post/input_amount' is clicked on

2022-05-24 15:05:01 - [TEST_STEP][PASSED] - sendKeys(findTestObject("simulator post/input_amount"), Keys.chord(CONTROL, "a")): Keys 'CONTROL + a' sent to object: 'Object Repository/simulator post/input_amount'

2022-05-24 15:05:02 - [MESSAGE][PASSED] - Keys 'CONTROL + a' sent to object: 'Object Repository/simulator post/input_amount'

2022-05-24 15:05:02 - [TEST_STEP][PASSED] - sendKeys(findTestObject("simulator post/input_amount"), Keys.chord(DELETE)): Keys 'DELETE + ' sent to object: 'Object Repository/simulator post/input_amount'

2022-05-24 15:05:03 - [MESSAGE][PASSED] - Keys 'DELETE + ' sent to object: 'Object Repository/simulator post/input_amount'

2022-05-24 15:05:03 - [TEST_STEP][PASSED] - sendKeys(findTestObject("simulator post/input_amount"), Keys.chord(CONTROL, "v")): Keys 'CONTROL + v' sent to object: 'Object Repository/simulator post/input_amount'

2022-05-24 15:05:04 - [MESSAGE][PASSED] - Keys 'CONTROL + v' sent to object: 'Object Repository/simulator post/input_amount'

2022-05-24 15:05:04 - [TEST_STEP][PASSED] - value_amount = getText(findTestObject("simulator post/input_amount")): Text of object 'Object Repository/simulator post/input_amount' is: 'Amount'

2022-05-24 15:05:05 - [MESSAGE][PASSED] - Text of object 'Object Repository/simulator post/input_amount' is: 'Amount'

2022-05-24 15:05:05 - [TEST_STEP][PASSED] - delay(1): Delayed 1 second(s)

2022-05-24 15:05:06 - [MESSAGE][PASSED] - Delayed 1 second(s)

2022-05-24 15:05:06 - [TEST_STEP][PASSED] - println(value_amount): null

2022-05-24 15:05:06 - [TEST_STEP][PASSED] - takeFullPageScreenshot(): Taking screenshot successfully

2022-05-24 15:05:06 - [MESSAGE][INFO] - 0 hidden object(s)

2022-05-24 15:05:07 - [MESSAGE][PASSED] - Taking screenshot successfully
[[ATTACHMENT|C:\\Users\\E2PAY\\git\\simulatorTestHp\\Reports\\20220524_150206\\Permata VA noPay 2\\20220524_150207\\1653379506101.png]]

2022-05-24 15:05:07 - [TEST_STEP][PASSED] - click(findTestObject("simulator post/btn_proses payment")): Object: 'Object Repository/simulator post/btn_proses payment' is clicked on

2022-05-24 15:05:07 - [MESSAGE][PASSED] - Object: 'Object Repository/simulator post/btn_proses payment' is clicked on

2022-05-24 15:05:07 - [TEST_STEP][PASSED] - delay(1): Delayed 1 second(s)

2022-05-24 15:05:08 - [MESSAGE][PASSED] - Delayed 1 second(s)

2022-05-24 15:05:08 - [TEST_STEP][PASSED] - va = getText(findTestObject("page_tagihan BCA/div_700701701000000319")): Text of object 'Object Repository/page_tagihan BCA/div_700701701000000319' is: '8452170000122641'

2022-05-24 15:05:10 - [MESSAGE][PASSED] - Text of object 'Object Repository/page_tagihan BCA/div_700701701000000319' is: '8452170000122641'

2022-05-24 15:05:10 - [TEST_STEP][PASSED] - value_bayar = getText(findTestObject("page_tagihan BCA/span_Rp 300.000,00")): Text of object 'Object Repository/page_tagihan BCA/span_Rp 300.000,00' is: 'Rp 2.004,00'

2022-05-24 15:05:10 - [MESSAGE][PASSED] - Text of object 'Object Repository/page_tagihan BCA/span_Rp 300.000,00' is: 'Rp 2.004,00'

2022-05-24 15:05:10 - [TEST_STEP][PASSED] - delay(1): Delayed 1 second(s)

2022-05-24 15:05:11 - [MESSAGE][PASSED] - Delayed 1 second(s)

2022-05-24 15:05:11 - [TEST_STEP][PASSED] - takeFullPageScreenshot(): Taking screenshot successfully

2022-05-24 15:05:12 - [MESSAGE][INFO] - 0 hidden object(s)

2022-05-24 15:05:12 - [MESSAGE][PASSED] - Taking screenshot successfully
[[ATTACHMENT|C:\\Users\\E2PAY\\git\\simulatorTestHp\\Reports\\20220524_150206\\Permata VA noPay 2\\20220524_150207\\1653379511878.png]]

2022-05-24 15:05:12 - [TEST_STEP][PASSED] - navigateToUrl("www.google.com"): Navigate to 'http://www.google.com' successfully

2022-05-24 15:05:13 - [MESSAGE][PASSED] - Navigate to 'http://www.google.com' successfully

2022-05-24 15:05:13 - [TEST_STEP][PASSED] - delay(1): Delayed 1 second(s)

2022-05-24 15:05:14 - [MESSAGE][PASSED] - Delayed 1 second(s)

2022-05-24 15:05:14 - [TEST_STEP][PASSED] - temp_amount = amount + i: null

2022-05-24 15:05:14 - [TEST_STEP][PASSED] - temp = all + temp_amount + "00": null

2022-05-24 15:05:14 - [TEST_STEP][PASSED] - setText(findTestObject("Page_Google/search"), temp): Text 'EPT0000222200500' is set on object 'Object Repository/Page_Google/search'

2022-05-24 15:05:15 - [MESSAGE][PASSED] - Text 'EPT0000222200500' is set on object 'Object Repository/Page_Google/search'

2022-05-24 15:05:15 - [TEST_STEP][PASSED] - sendKeys(findTestObject("Page_Google/search"), Keys.chord(CONTROL, "a")): Keys 'CONTROL + a' sent to object: 'Object Repository/Page_Google/search'

2022-05-24 15:05:16 - [MESSAGE][PASSED] - Keys 'CONTROL + a' sent to object: 'Object Repository/Page_Google/search'

2022-05-24 15:05:16 - [TEST_STEP][PASSED] - sendKeys(findTestObject("Page_Google/search"), Keys.chord(CONTROL, "c")): Keys 'CONTROL + c' sent to object: 'Object Repository/Page_Google/search'

2022-05-24 15:05:16 - [MESSAGE][PASSED] - Keys 'CONTROL + c' sent to object: 'Object Repository/Page_Google/search'

2022-05-24 15:05:16 - [TEST_STEP][PASSED] - navigateToUrl("https://simulatortest.e2pay.co.id/simulator/"): Navigate to 'https://simulatortest.e2pay.co.id/simulator/' successfully

2022-05-24 15:05:18 - [MESSAGE][PASSED] - Navigate to 'https://simulatortest.e2pay.co.id/simulator/' successfully

2022-05-24 15:05:18 - [TEST_STEP][PASSED] - delay(2): Delayed 2 second(s)

2022-05-24 15:05:20 - [MESSAGE][PASSED] - Delayed 2 second(s)

2022-05-24 15:05:20 - [TEST_STEP][PASSED] - click(findTestObject("simulator post/input_merhant code")): Object: 'Object Repository/simulator post/input_merhant code' is clicked on

2022-05-24 15:05:20 - [MESSAGE][PASSED] - Object: 'Object Repository/simulator post/input_merhant code' is clicked on

2022-05-24 15:05:20 - [TEST_STEP][PASSED] - sendKeys(findTestObject("simulator post/input_merhant code"), Keys.chord(CONTROL, "a")): Keys 'CONTROL + a' sent to object: 'Object Repository/simulator post/input_merhant code'

2022-05-24 15:05:21 - [MESSAGE][PASSED] - Keys 'CONTROL + a' sent to object: 'Object Repository/simulator post/input_merhant code'

2022-05-24 15:05:21 - [TEST_STEP][PASSED] - sendKeys(findTestObject("simulator post/input_merhant code"), Keys.chord(DELETE)): Keys 'DELETE + ' sent to object: 'Object Repository/simulator post/input_merhant code'

2022-05-24 15:05:22 - [MESSAGE][PASSED] - Keys 'DELETE + ' sent to object: 'Object Repository/simulator post/input_merhant code'

2022-05-24 15:05:22 - [TEST_STEP][PASSED] - sendKeys(findTestObject("simulator post/input_merhant code"), Keys.chord(CONTROL, "v")): Keys 'CONTROL + v' sent to object: 'Object Repository/simulator post/input_merhant code'

2022-05-24 15:05:22 - [MESSAGE][PASSED] - Keys 'CONTROL + v' sent to object: 'Object Repository/simulator post/input_merhant code'

2022-05-24 15:05:22 - [TEST_STEP][PASSED] - sendKeys(findTestObject("simulator post/input_merhant code"), Keys.chord(SHIFT, ARROW_LEFT, ARROW_LEFT, ARROW_LEFT, ARROW_LEFT, ARROW_LEFT, ARROW_LEFT, ARROW_LEFT, ARROW_LEFT)): Keys 'SHIFT + LEFT + LEFT + LEFT + LEFT + LEFT + LEFT + LEFT + LEFT + ' sent to object: 'Object Repository/simulator post/input_merhant code'

2022-05-24 15:05:23 - [MESSAGE][PASSED] - Keys 'SHIFT + LEFT + LEFT + LEFT + LEFT + LEFT + LEFT + LEFT + LEFT + ' sent to object: 'Object Repository/simulator post/input_merhant code'

2022-05-24 15:05:23 - [TEST_STEP][PASSED] - sendKeys(findTestObject("simulator post/input_merhant code"), Keys.chord(CONTROL, "x")): Keys 'CONTROL + x' sent to object: 'Object Repository/simulator post/input_merhant code'

2022-05-24 15:05:24 - [MESSAGE][PASSED] - Keys 'CONTROL + x' sent to object: 'Object Repository/simulator post/input_merhant code'

2022-05-24 15:05:24 - [TEST_STEP][PASSED] - click(findTestObject("simulator post/input_paymentID")): Object: 'Object Repository/simulator post/input_paymentID' is clicked on

2022-05-24 15:05:24 - [MESSAGE][PASSED] - Object: 'Object Repository/simulator post/input_paymentID' is clicked on

2022-05-24 15:05:24 - [TEST_STEP][PASSED] - sendKeys(findTestObject("simulator post/input_paymentID"), Keys.chord(CONTROL, "a")): Keys 'CONTROL + a' sent to object: 'Object Repository/simulator post/input_paymentID'

2022-05-24 15:05:25 - [MESSAGE][PASSED] - Keys 'CONTROL + a' sent to object: 'Object Repository/simulator post/input_paymentID'

2022-05-24 15:05:26 - [TEST_STEP][PASSED] - sendKeys(findTestObject("simulator post/input_paymentID"), Keys.chord(DELETE)): Keys 'DELETE + ' sent to object: 'Object Repository/simulator post/input_paymentID'

2022-05-24 15:05:26 - [MESSAGE][PASSED] - Keys 'DELETE + ' sent to object: 'Object Repository/simulator post/input_paymentID'

2022-05-24 15:05:26 - [TEST_STEP][PASSED] - sendKeys(findTestObject("simulator post/input_paymentID"), Keys.chord(CONTROL, "v")): Keys 'CONTROL + v' sent to object: 'Object Repository/simulator post/input_paymentID'

2022-05-24 15:05:27 - [MESSAGE][PASSED] - Keys 'CONTROL + v' sent to object: 'Object Repository/simulator post/input_paymentID'

2022-05-24 15:05:27 - [TEST_STEP][PASSED] - sendKeys(findTestObject("simulator post/input_paymentID"), Keys.chord(SHIFT, ARROW_LEFT, ARROW_LEFT, ARROW_LEFT, ARROW_LEFT, ARROW_LEFT, ARROW_LEFT)): Keys 'SHIFT + LEFT + LEFT + LEFT + LEFT + LEFT + LEFT + ' sent to object: 'Object Repository/simulator post/input_paymentID'

2022-05-24 15:05:28 - [MESSAGE][PASSED] - Keys 'SHIFT + LEFT + LEFT + LEFT + LEFT + LEFT + LEFT + ' sent to object: 'Object Repository/simulator post/input_paymentID'

2022-05-24 15:05:28 - [TEST_STEP][PASSED] - sendKeys(findTestObject("simulator post/input_paymentID"), Keys.chord(CONTROL, "x")): Keys 'CONTROL + x' sent to object: 'Object Repository/simulator post/input_paymentID'

2022-05-24 15:05:28 - [MESSAGE][PASSED] - Keys 'CONTROL + x' sent to object: 'Object Repository/simulator post/input_paymentID'

2022-05-24 15:05:28 - [TEST_STEP][PASSED] - click(findTestObject("simulator post/input_amount")): Object: 'Object Repository/simulator post/input_amount' is clicked on

2022-05-24 15:05:29 - [MESSAGE][PASSED] - Object: 'Object Repository/simulator post/input_amount' is clicked on

2022-05-24 15:05:29 - [TEST_STEP][PASSED] - sendKeys(findTestObject("simulator post/input_amount"), Keys.chord(CONTROL, "a")): Keys 'CONTROL + a' sent to object: 'Object Repository/simulator post/input_amount'

2022-05-24 15:05:30 - [MESSAGE][PASSED] - Keys 'CONTROL + a' sent to object: 'Object Repository/simulator post/input_amount'

2022-05-24 15:05:30 - [TEST_STEP][PASSED] - sendKeys(findTestObject("simulator post/input_amount"), Keys.chord(DELETE)): Keys 'DELETE + ' sent to object: 'Object Repository/simulator post/input_amount'

2022-05-24 15:05:30 - [MESSAGE][PASSED] - Keys 'DELETE + ' sent to object: 'Object Repository/simulator post/input_amount'

2022-05-24 15:05:30 - [TEST_STEP][PASSED] - sendKeys(findTestObject("simulator post/input_amount"), Keys.chord(CONTROL, "v")): Keys 'CONTROL + v' sent to object: 'Object Repository/simulator post/input_amount'

2022-05-24 15:05:31 - [MESSAGE][PASSED] - Keys 'CONTROL + v' sent to object: 'Object Repository/simulator post/input_amount'

2022-05-24 15:05:31 - [TEST_STEP][PASSED] - value_amount = getText(findTestObject("simulator post/input_amount")): Text of object 'Object Repository/simulator post/input_amount' is: 'Amount'

2022-05-24 15:05:32 - [MESSAGE][PASSED] - Text of object 'Object Repository/simulator post/input_amount' is: 'Amount'

2022-05-24 15:05:32 - [TEST_STEP][PASSED] - delay(1): Delayed 1 second(s)

2022-05-24 15:05:33 - [MESSAGE][PASSED] - Delayed 1 second(s)

2022-05-24 15:05:33 - [TEST_STEP][PASSED] - println(value_amount): null

2022-05-24 15:05:33 - [TEST_STEP][PASSED] - takeFullPageScreenshot(): Taking screenshot successfully

2022-05-24 15:05:33 - [MESSAGE][INFO] - 0 hidden object(s)

2022-05-24 15:05:34 - [MESSAGE][PASSED] - Taking screenshot successfully
[[ATTACHMENT|C:\\Users\\E2PAY\\git\\simulatorTestHp\\Reports\\20220524_150206\\Permata VA noPay 2\\20220524_150207\\1653379533068.png]]

2022-05-24 15:05:34 - [TEST_STEP][PASSED] - click(findTestObject("simulator post/btn_proses payment")): Object: 'Object Repository/simulator post/btn_proses payment' is clicked on

2022-05-24 15:05:34 - [MESSAGE][PASSED] - Object: 'Object Repository/simulator post/btn_proses payment' is clicked on

2022-05-24 15:05:34 - [TEST_STEP][PASSED] - delay(1): Delayed 1 second(s)

2022-05-24 15:05:35 - [MESSAGE][PASSED] - Delayed 1 second(s)

2022-05-24 15:05:35 - [TEST_STEP][PASSED] - va = getText(findTestObject("page_tagihan BCA/div_700701701000000319")): Text of object 'Object Repository/page_tagihan BCA/div_700701701000000319' is: '8452170000122642'

2022-05-24 15:05:37 - [MESSAGE][PASSED] - Text of object 'Object Repository/page_tagihan BCA/div_700701701000000319' is: '8452170000122642'

2022-05-24 15:05:37 - [TEST_STEP][PASSED] - value_bayar = getText(findTestObject("page_tagihan BCA/span_Rp 300.000,00")): Text of object 'Object Repository/page_tagihan BCA/span_Rp 300.000,00' is: 'Rp 2.005,00'

2022-05-24 15:05:38 - [MESSAGE][PASSED] - Text of object 'Object Repository/page_tagihan BCA/span_Rp 300.000,00' is: 'Rp 2.005,00'

2022-05-24 15:05:38 - [TEST_STEP][PASSED] - delay(1): Delayed 1 second(s)

2022-05-24 15:05:39 - [MESSAGE][PASSED] - Delayed 1 second(s)

2022-05-24 15:05:39 - [TEST_STEP][PASSED] - takeFullPageScreenshot(): Taking screenshot successfully

2022-05-24 15:05:39 - [MESSAGE][INFO] - 0 hidden object(s)

2022-05-24 15:05:39 - [MESSAGE][PASSED] - Taking screenshot successfully
[[ATTACHMENT|C:\\Users\\E2PAY\\git\\simulatorTestHp\\Reports\\20220524_150206\\Permata VA noPay 2\\20220524_150207\\1653379539116.png]]

2022-05-24 15:05:39 - [TEST_STEP][PASSED] - navigateToUrl("www.google.com"): Navigate to 'http://www.google.com' successfully

2022-05-24 15:05:40 - [MESSAGE][PASSED] - Navigate to 'http://www.google.com' successfully

2022-05-24 15:05:40 - [TEST_STEP][PASSED] - delay(1): Delayed 1 second(s)

2022-05-24 15:05:41 - [MESSAGE][PASSED] - Delayed 1 second(s)

2022-05-24 15:05:41 - [TEST_STEP][PASSED] - temp_amount = amount + i: null

2022-05-24 15:05:41 - [TEST_STEP][PASSED] - temp = all + temp_amount + "00": null

2022-05-24 15:05:41 - [TEST_STEP][PASSED] - setText(findTestObject("Page_Google/search"), temp): Text 'EPT0000222200600' is set on object 'Object Repository/Page_Google/search'

2022-05-24 15:05:42 - [MESSAGE][PASSED] - Text 'EPT0000222200600' is set on object 'Object Repository/Page_Google/search'

2022-05-24 15:05:42 - [TEST_STEP][PASSED] - sendKeys(findTestObject("Page_Google/search"), Keys.chord(CONTROL, "a")): Keys 'CONTROL + a' sent to object: 'Object Repository/Page_Google/search'

2022-05-24 15:05:43 - [MESSAGE][PASSED] - Keys 'CONTROL + a' sent to object: 'Object Repository/Page_Google/search'

2022-05-24 15:05:43 - [TEST_STEP][PASSED] - sendKeys(findTestObject("Page_Google/search"), Keys.chord(CONTROL, "c")): Keys 'CONTROL + c' sent to object: 'Object Repository/Page_Google/search'

2022-05-24 15:05:44 - [MESSAGE][PASSED] - Keys 'CONTROL + c' sent to object: 'Object Repository/Page_Google/search'

2022-05-24 15:05:44 - [TEST_STEP][PASSED] - navigateToUrl("https://simulatortest.e2pay.co.id/simulator/"): Navigate to 'https://simulatortest.e2pay.co.id/simulator/' successfully

2022-05-24 15:05:44 - [MESSAGE][PASSED] - Navigate to 'https://simulatortest.e2pay.co.id/simulator/' successfully

2022-05-24 15:05:44 - [TEST_STEP][PASSED] - delay(2): Delayed 2 second(s)

2022-05-24 15:05:46 - [MESSAGE][PASSED] - Delayed 2 second(s)

2022-05-24 15:05:46 - [TEST_STEP][PASSED] - click(findTestObject("simulator post/input_merhant code")): Object: 'Object Repository/simulator post/input_merhant code' is clicked on

2022-05-24 15:05:47 - [MESSAGE][PASSED] - Object: 'Object Repository/simulator post/input_merhant code' is clicked on

2022-05-24 15:05:47 - [TEST_STEP][PASSED] - sendKeys(findTestObject("simulator post/input_merhant code"), Keys.chord(CONTROL, "a")): Keys 'CONTROL + a' sent to object: 'Object Repository/simulator post/input_merhant code'

2022-05-24 15:05:48 - [MESSAGE][PASSED] - Keys 'CONTROL + a' sent to object: 'Object Repository/simulator post/input_merhant code'

2022-05-24 15:05:48 - [TEST_STEP][PASSED] - sendKeys(findTestObject("simulator post/input_merhant code"), Keys.chord(DELETE)): Keys 'DELETE + ' sent to object: 'Object Repository/simulator post/input_merhant code'

2022-05-24 15:05:49 - [MESSAGE][PASSED] - Keys 'DELETE + ' sent to object: 'Object Repository/simulator post/input_merhant code'

2022-05-24 15:05:49 - [TEST_STEP][PASSED] - sendKeys(findTestObject("simulator post/input_merhant code"), Keys.chord(CONTROL, "v")): Keys 'CONTROL + v' sent to object: 'Object Repository/simulator post/input_merhant code'

2022-05-24 15:05:50 - [MESSAGE][PASSED] - Keys 'CONTROL + v' sent to object: 'Object Repository/simulator post/input_merhant code'

2022-05-24 15:05:50 - [TEST_STEP][PASSED] - sendKeys(findTestObject("simulator post/input_merhant code"), Keys.chord(SHIFT, ARROW_LEFT, ARROW_LEFT, ARROW_LEFT, ARROW_LEFT, ARROW_LEFT, ARROW_LEFT, ARROW_LEFT, ARROW_LEFT)): Keys 'SHIFT + LEFT + LEFT + LEFT + LEFT + LEFT + LEFT + LEFT + LEFT + ' sent to object: 'Object Repository/simulator post/input_merhant code'

2022-05-24 15:05:50 - [MESSAGE][PASSED] - Keys 'SHIFT + LEFT + LEFT + LEFT + LEFT + LEFT + LEFT + LEFT + LEFT + ' sent to object: 'Object Repository/simulator post/input_merhant code'

2022-05-24 15:05:50 - [TEST_STEP][PASSED] - sendKeys(findTestObject("simulator post/input_merhant code"), Keys.chord(CONTROL, "x")): Keys 'CONTROL + x' sent to object: 'Object Repository/simulator post/input_merhant code'

2022-05-24 15:05:51 - [MESSAGE][PASSED] - Keys 'CONTROL + x' sent to object: 'Object Repository/simulator post/input_merhant code'

2022-05-24 15:05:51 - [TEST_STEP][PASSED] - click(findTestObject("simulator post/input_paymentID")): Object: 'Object Repository/simulator post/input_paymentID' is clicked on

2022-05-24 15:05:52 - [MESSAGE][PASSED] - Object: 'Object Repository/simulator post/input_paymentID' is clicked on

2022-05-24 15:05:52 - [TEST_STEP][PASSED] - sendKeys(findTestObject("simulator post/input_paymentID"), Keys.chord(CONTROL, "a")): Keys 'CONTROL + a' sent to object: 'Object Repository/simulator post/input_paymentID'

2022-05-24 15:05:53 - [MESSAGE][PASSED] - Keys 'CONTROL + a' sent to object: 'Object Repository/simulator post/input_paymentID'

2022-05-24 15:05:53 - [TEST_STEP][PASSED] - sendKeys(findTestObject("simulator post/input_paymentID"), Keys.chord(DELETE)): Keys 'DELETE + ' sent to object: 'Object Repository/simulator post/input_paymentID'

2022-05-24 15:05:54 - [MESSAGE][PASSED] - Keys 'DELETE + ' sent to object: 'Object Repository/simulator post/input_paymentID'

2022-05-24 15:05:54 - [TEST_STEP][PASSED] - sendKeys(findTestObject("simulator post/input_paymentID"), Keys.chord(CONTROL, "v")): Keys 'CONTROL + v' sent to object: 'Object Repository/simulator post/input_paymentID'

2022-05-24 15:05:55 - [MESSAGE][PASSED] - Keys 'CONTROL + v' sent to object: 'Object Repository/simulator post/input_paymentID'

2022-05-24 15:05:55 - [TEST_STEP][PASSED] - sendKeys(findTestObject("simulator post/input_paymentID"), Keys.chord(SHIFT, ARROW_LEFT, ARROW_LEFT, ARROW_LEFT, ARROW_LEFT, ARROW_LEFT, ARROW_LEFT)): Keys 'SHIFT + LEFT + LEFT + LEFT + LEFT + LEFT + LEFT + ' sent to object: 'Object Repository/simulator post/input_paymentID'

2022-05-24 15:05:56 - [MESSAGE][PASSED] - Keys 'SHIFT + LEFT + LEFT + LEFT + LEFT + LEFT + LEFT + ' sent to object: 'Object Repository/simulator post/input_paymentID'

2022-05-24 15:05:56 - [TEST_STEP][PASSED] - sendKeys(findTestObject("simulator post/input_paymentID"), Keys.chord(CONTROL, "x")): Keys 'CONTROL + x' sent to object: 'Object Repository/simulator post/input_paymentID'

2022-05-24 15:05:56 - [MESSAGE][PASSED] - Keys 'CONTROL + x' sent to object: 'Object Repository/simulator post/input_paymentID'

2022-05-24 15:05:56 - [TEST_STEP][PASSED] - click(findTestObject("simulator post/input_amount")): Object: 'Object Repository/simulator post/input_amount' is clicked on

2022-05-24 15:05:57 - [MESSAGE][PASSED] - Object: 'Object Repository/simulator post/input_amount' is clicked on

2022-05-24 15:05:57 - [TEST_STEP][PASSED] - sendKeys(findTestObject("simulator post/input_amount"), Keys.chord(CONTROL, "a")): Keys 'CONTROL + a' sent to object: 'Object Repository/simulator post/input_amount'

2022-05-24 15:05:58 - [MESSAGE][PASSED] - Keys 'CONTROL + a' sent to object: 'Object Repository/simulator post/input_amount'

2022-05-24 15:05:58 - [TEST_STEP][PASSED] - sendKeys(findTestObject("simulator post/input_amount"), Keys.chord(DELETE)): Keys 'DELETE + ' sent to object: 'Object Repository/simulator post/input_amount'

2022-05-24 15:05:58 - [MESSAGE][PASSED] - Keys 'DELETE + ' sent to object: 'Object Repository/simulator post/input_amount'

2022-05-24 15:05:58 - [TEST_STEP][PASSED] - sendKeys(findTestObject("simulator post/input_amount"), Keys.chord(CONTROL, "v")): Keys 'CONTROL + v' sent to object: 'Object Repository/simulator post/input_amount'

2022-05-24 15:05:59 - [MESSAGE][PASSED] - Keys 'CONTROL + v' sent to object: 'Object Repository/simulator post/input_amount'

2022-05-24 15:05:59 - [TEST_STEP][PASSED] - value_amount = getText(findTestObject("simulator post/input_amount")): Text of object 'Object Repository/simulator post/input_amount' is: 'Amount'

2022-05-24 15:06:00 - [MESSAGE][PASSED] - Text of object 'Object Repository/simulator post/input_amount' is: 'Amount'

2022-05-24 15:06:00 - [TEST_STEP][PASSED] - delay(1): Delayed 1 second(s)

2022-05-24 15:06:01 - [MESSAGE][PASSED] - Delayed 1 second(s)

2022-05-24 15:06:01 - [TEST_STEP][PASSED] - println(value_amount): null

2022-05-24 15:06:01 - [TEST_STEP][PASSED] - takeFullPageScreenshot(): Taking screenshot successfully

2022-05-24 15:06:01 - [MESSAGE][INFO] - 0 hidden object(s)

2022-05-24 15:06:02 - [MESSAGE][PASSED] - Taking screenshot successfully
[[ATTACHMENT|C:\\Users\\E2PAY\\git\\simulatorTestHp\\Reports\\20220524_150206\\Permata VA noPay 2\\20220524_150207\\1653379561163.png]]

2022-05-24 15:06:02 - [TEST_STEP][PASSED] - click(findTestObject("simulator post/btn_proses payment")): Object: 'Object Repository/simulator post/btn_proses payment' is clicked on

2022-05-24 15:06:02 - [MESSAGE][PASSED] - Object: 'Object Repository/simulator post/btn_proses payment' is clicked on

2022-05-24 15:06:02 - [TEST_STEP][PASSED] - delay(1): Delayed 1 second(s)

2022-05-24 15:06:03 - [MESSAGE][PASSED] - Delayed 1 second(s)

2022-05-24 15:06:03 - [TEST_STEP][PASSED] - va = getText(findTestObject("page_tagihan BCA/div_700701701000000319")): Text of object 'Object Repository/page_tagihan BCA/div_700701701000000319' is: '8452170000122643'

2022-05-24 15:06:05 - [MESSAGE][PASSED] - Text of object 'Object Repository/page_tagihan BCA/div_700701701000000319' is: '8452170000122643'

2022-05-24 15:06:05 - [TEST_STEP][PASSED] - value_bayar = getText(findTestObject("page_tagihan BCA/span_Rp 300.000,00")): Text of object 'Object Repository/page_tagihan BCA/span_Rp 300.000,00' is: 'Rp 2.006,00'

2022-05-24 15:06:05 - [MESSAGE][PASSED] - Text of object 'Object Repository/page_tagihan BCA/span_Rp 300.000,00' is: 'Rp 2.006,00'

2022-05-24 15:06:05 - [TEST_STEP][PASSED] - delay(1): Delayed 1 second(s)

2022-05-24 15:06:06 - [MESSAGE][PASSED] - Delayed 1 second(s)

2022-05-24 15:06:06 - [TEST_STEP][PASSED] - takeFullPageScreenshot(): Taking screenshot successfully

2022-05-24 15:06:07 - [MESSAGE][INFO] - 0 hidden object(s)

2022-05-24 15:06:07 - [MESSAGE][PASSED] - Taking screenshot successfully
[[ATTACHMENT|C:\\Users\\E2PAY\\git\\simulatorTestHp\\Reports\\20220524_150206\\Permata VA noPay 2\\20220524_150207\\1653379566933.png]]

2022-05-24 15:06:07 - [TEST_STEP][PASSED] - navigateToUrl("www.google.com"): Navigate to 'http://www.google.com' successfully

2022-05-24 15:06:08 - [MESSAGE][PASSED] - Navigate to 'http://www.google.com' successfully

2022-05-24 15:06:08 - [TEST_STEP][PASSED] - delay(1): Delayed 1 second(s)

2022-05-24 15:06:09 - [MESSAGE][PASSED] - Delayed 1 second(s)

2022-05-24 15:06:09 - [TEST_STEP][PASSED] - temp_amount = amount + i: null

2022-05-24 15:06:09 - [TEST_STEP][PASSED] - temp = all + temp_amount + "00": null

2022-05-24 15:06:09 - [TEST_STEP][PASSED] - setText(findTestObject("Page_Google/search"), temp): Text 'EPT0000222200700' is set on object 'Object Repository/Page_Google/search'

2022-05-24 15:06:10 - [MESSAGE][PASSED] - Text 'EPT0000222200700' is set on object 'Object Repository/Page_Google/search'

2022-05-24 15:06:10 - [TEST_STEP][PASSED] - sendKeys(findTestObject("Page_Google/search"), Keys.chord(CONTROL, "a")): Keys 'CONTROL + a' sent to object: 'Object Repository/Page_Google/search'

2022-05-24 15:06:11 - [MESSAGE][PASSED] - Keys 'CONTROL + a' sent to object: 'Object Repository/Page_Google/search'

2022-05-24 15:06:11 - [TEST_STEP][PASSED] - sendKeys(findTestObject("Page_Google/search"), Keys.chord(CONTROL, "c")): Keys 'CONTROL + c' sent to object: 'Object Repository/Page_Google/search'

2022-05-24 15:06:11 - [MESSAGE][PASSED] - Keys 'CONTROL + c' sent to object: 'Object Repository/Page_Google/search'

2022-05-24 15:06:11 - [TEST_STEP][PASSED] - navigateToUrl("https://simulatortest.e2pay.co.id/simulator/"): Navigate to 'https://simulatortest.e2pay.co.id/simulator/' successfully

2022-05-24 15:06:12 - [MESSAGE][PASSED] - Navigate to 'https://simulatortest.e2pay.co.id/simulator/' successfully

2022-05-24 15:06:12 - [TEST_STEP][PASSED] - delay(2): Delayed 2 second(s)

2022-05-24 15:06:14 - [MESSAGE][PASSED] - Delayed 2 second(s)

2022-05-24 15:06:14 - [TEST_STEP][PASSED] - click(findTestObject("simulator post/input_merhant code")): Object: 'Object Repository/simulator post/input_merhant code' is clicked on

2022-05-24 15:06:15 - [MESSAGE][PASSED] - Object: 'Object Repository/simulator post/input_merhant code' is clicked on

2022-05-24 15:06:15 - [TEST_STEP][PASSED] - sendKeys(findTestObject("simulator post/input_merhant code"), Keys.chord(CONTROL, "a")): Keys 'CONTROL + a' sent to object: 'Object Repository/simulator post/input_merhant code'

2022-05-24 15:06:16 - [MESSAGE][PASSED] - Keys 'CONTROL + a' sent to object: 'Object Repository/simulator post/input_merhant code'

2022-05-24 15:06:16 - [TEST_STEP][PASSED] - sendKeys(findTestObject("simulator post/input_merhant code"), Keys.chord(DELETE)): Keys 'DELETE + ' sent to object: 'Object Repository/simulator post/input_merhant code'

2022-05-24 15:06:17 - [MESSAGE][PASSED] - Keys 'DELETE + ' sent to object: 'Object Repository/simulator post/input_merhant code'

2022-05-24 15:06:17 - [TEST_STEP][PASSED] - sendKeys(findTestObject("simulator post/input_merhant code"), Keys.chord(CONTROL, "v")): Keys 'CONTROL + v' sent to object: 'Object Repository/simulator post/input_merhant code'

2022-05-24 15:06:17 - [MESSAGE][PASSED] - Keys 'CONTROL + v' sent to object: 'Object Repository/simulator post/input_merhant code'

2022-05-24 15:06:17 - [TEST_STEP][PASSED] - sendKeys(findTestObject("simulator post/input_merhant code"), Keys.chord(SHIFT, ARROW_LEFT, ARROW_LEFT, ARROW_LEFT, ARROW_LEFT, ARROW_LEFT, ARROW_LEFT, ARROW_LEFT, ARROW_LEFT)): Keys 'SHIFT + LEFT + LEFT + LEFT + LEFT + LEFT + LEFT + LEFT + LEFT + ' sent to object: 'Object Repository/simulator post/input_merhant code'

2022-05-24 15:06:18 - [MESSAGE][PASSED] - Keys 'SHIFT + LEFT + LEFT + LEFT + LEFT + LEFT + LEFT + LEFT + LEFT + ' sent to object: 'Object Repository/simulator post/input_merhant code'

2022-05-24 15:06:18 - [TEST_STEP][PASSED] - sendKeys(findTestObject("simulator post/input_merhant code"), Keys.chord(CONTROL, "x")): Keys 'CONTROL + x' sent to object: 'Object Repository/simulator post/input_merhant code'

2022-05-24 15:06:19 - [MESSAGE][PASSED] - Keys 'CONTROL + x' sent to object: 'Object Repository/simulator post/input_merhant code'

2022-05-24 15:06:19 - [TEST_STEP][PASSED] - click(findTestObject("simulator post/input_paymentID")): Object: 'Object Repository/simulator post/input_paymentID' is clicked on

2022-05-24 15:06:19 - [MESSAGE][PASSED] - Object: 'Object Repository/simulator post/input_paymentID' is clicked on

2022-05-24 15:06:19 - [TEST_STEP][PASSED] - sendKeys(findTestObject("simulator post/input_paymentID"), Keys.chord(CONTROL, "a")): Keys 'CONTROL + a' sent to object: 'Object Repository/simulator post/input_paymentID'

2022-05-24 15:06:21 - [MESSAGE][PASSED] - Keys 'CONTROL + a' sent to object: 'Object Repository/simulator post/input_paymentID'

2022-05-24 15:06:21 - [TEST_STEP][PASSED] - sendKeys(findTestObject("simulator post/input_paymentID"), Keys.chord(DELETE)): Keys 'DELETE + ' sent to object: 'Object Repository/simulator post/input_paymentID'

2022-05-24 15:06:22 - [MESSAGE][PASSED] - Keys 'DELETE + ' sent to object: 'Object Repository/simulator post/input_paymentID'

2022-05-24 15:06:22 - [TEST_STEP][PASSED] - sendKeys(findTestObject("simulator post/input_paymentID"), Keys.chord(CONTROL, "v")): Keys 'CONTROL + v' sent to object: 'Object Repository/simulator post/input_paymentID'

2022-05-24 15:06:23 - [MESSAGE][PASSED] - Keys 'CONTROL + v' sent to object: 'Object Repository/simulator post/input_paymentID'

2022-05-24 15:06:23 - [TEST_STEP][PASSED] - sendKeys(findTestObject("simulator post/input_paymentID"), Keys.chord(SHIFT, ARROW_LEFT, ARROW_LEFT, ARROW_LEFT, ARROW_LEFT, ARROW_LEFT, ARROW_LEFT)): Keys 'SHIFT + LEFT + LEFT + LEFT + LEFT + LEFT + LEFT + ' sent to object: 'Object Repository/simulator post/input_paymentID'

2022-05-24 15:06:24 - [MESSAGE][PASSED] - Keys 'SHIFT + LEFT + LEFT + LEFT + LEFT + LEFT + LEFT + ' sent to object: 'Object Repository/simulator post/input_paymentID'

2022-05-24 15:06:24 - [TEST_STEP][PASSED] - sendKeys(findTestObject("simulator post/input_paymentID"), Keys.chord(CONTROL, "x")): Keys 'CONTROL + x' sent to object: 'Object Repository/simulator post/input_paymentID'

2022-05-24 15:06:24 - [MESSAGE][PASSED] - Keys 'CONTROL + x' sent to object: 'Object Repository/simulator post/input_paymentID'

2022-05-24 15:06:24 - [TEST_STEP][PASSED] - click(findTestObject("simulator post/input_amount")): Object: 'Object Repository/simulator post/input_amount' is clicked on

2022-05-24 15:06:25 - [MESSAGE][PASSED] - Object: 'Object Repository/simulator post/input_amount' is clicked on

2022-05-24 15:06:25 - [TEST_STEP][PASSED] - sendKeys(findTestObject("simulator post/input_amount"), Keys.chord(CONTROL, "a")): Keys 'CONTROL + a' sent to object: 'Object Repository/simulator post/input_amount'

2022-05-24 15:06:26 - [MESSAGE][PASSED] - Keys 'CONTROL + a' sent to object: 'Object Repository/simulator post/input_amount'

2022-05-24 15:06:26 - [TEST_STEP][PASSED] - sendKeys(findTestObject("simulator post/input_amount"), Keys.chord(DELETE)): Keys 'DELETE + ' sent to object: 'Object Repository/simulator post/input_amount'

2022-05-24 15:06:27 - [MESSAGE][PASSED] - Keys 'DELETE + ' sent to object: 'Object Repository/simulator post/input_amount'

2022-05-24 15:06:27 - [TEST_STEP][PASSED] - sendKeys(findTestObject("simulator post/input_amount"), Keys.chord(CONTROL, "v")): Keys 'CONTROL + v' sent to object: 'Object Repository/simulator post/input_amount'

2022-05-24 15:06:27 - [MESSAGE][PASSED] - Keys 'CONTROL + v' sent to object: 'Object Repository/simulator post/input_amount'

2022-05-24 15:06:27 - [TEST_STEP][PASSED] - value_amount = getText(findTestObject("simulator post/input_amount")): Text of object 'Object Repository/simulator post/input_amount' is: 'Amount'

2022-05-24 15:06:28 - [MESSAGE][PASSED] - Text of object 'Object Repository/simulator post/input_amount' is: 'Amount'

2022-05-24 15:06:28 - [TEST_STEP][PASSED] - delay(1): Delayed 1 second(s)

2022-05-24 15:06:29 - [MESSAGE][PASSED] - Delayed 1 second(s)

2022-05-24 15:06:29 - [TEST_STEP][PASSED] - println(value_amount): null

2022-05-24 15:06:29 - [TEST_STEP][PASSED] - takeFullPageScreenshot(): Taking screenshot successfully

2022-05-24 15:06:29 - [MESSAGE][INFO] - 0 hidden object(s)

2022-05-24 15:06:30 - [MESSAGE][PASSED] - Taking screenshot successfully
[[ATTACHMENT|C:\\Users\\E2PAY\\git\\simulatorTestHp\\Reports\\20220524_150206\\Permata VA noPay 2\\20220524_150207\\1653379589228.png]]

2022-05-24 15:06:30 - [TEST_STEP][PASSED] - click(findTestObject("simulator post/btn_proses payment")): Object: 'Object Repository/simulator post/btn_proses payment' is clicked on

2022-05-24 15:06:30 - [MESSAGE][PASSED] - Object: 'Object Repository/simulator post/btn_proses payment' is clicked on

2022-05-24 15:06:30 - [TEST_STEP][PASSED] - delay(1): Delayed 1 second(s)

2022-05-24 15:06:31 - [MESSAGE][PASSED] - Delayed 1 second(s)

2022-05-24 15:06:31 - [TEST_STEP][PASSED] - va = getText(findTestObject("page_tagihan BCA/div_700701701000000319")): Text of object 'Object Repository/page_tagihan BCA/div_700701701000000319' is: '8452170000122644'

2022-05-24 15:06:33 - [MESSAGE][PASSED] - Text of object 'Object Repository/page_tagihan BCA/div_700701701000000319' is: '8452170000122644'

2022-05-24 15:06:33 - [TEST_STEP][PASSED] - value_bayar = getText(findTestObject("page_tagihan BCA/span_Rp 300.000,00")): Text of object 'Object Repository/page_tagihan BCA/span_Rp 300.000,00' is: 'Rp 2.007,00'

2022-05-24 15:06:33 - [MESSAGE][PASSED] - Text of object 'Object Repository/page_tagihan BCA/span_Rp 300.000,00' is: 'Rp 2.007,00'

2022-05-24 15:06:33 - [TEST_STEP][PASSED] - delay(1): Delayed 1 second(s)

2022-05-24 15:06:34 - [MESSAGE][PASSED] - Delayed 1 second(s)

2022-05-24 15:06:34 - [TEST_STEP][PASSED] - takeFullPageScreenshot(): Taking screenshot successfully

2022-05-24 15:06:35 - [MESSAGE][INFO] - 0 hidden object(s)

2022-05-24 15:06:35 - [MESSAGE][PASSED] - Taking screenshot successfully
[[ATTACHMENT|C:\\Users\\E2PAY\\git\\simulatorTestHp\\Reports\\20220524_150206\\Permata VA noPay 2\\20220524_150207\\1653379594899.png]]

2022-05-24 15:06:35 - [TEST_STEP][PASSED] - navigateToUrl("www.google.com"): Navigate to 'http://www.google.com' successfully

2022-05-24 15:06:36 - [MESSAGE][PASSED] - Navigate to 'http://www.google.com' successfully

2022-05-24 15:06:36 - [TEST_STEP][PASSED] - delay(1): Delayed 1 second(s)

2022-05-24 15:06:37 - [MESSAGE][PASSED] - Delayed 1 second(s)

2022-05-24 15:06:37 - [TEST_STEP][PASSED] - temp_amount = amount + i: null

2022-05-24 15:06:37 - [TEST_STEP][PASSED] - temp = all + temp_amount + "00": null

2022-05-24 15:06:37 - [TEST_STEP][PASSED] - setText(findTestObject("Page_Google/search"), temp): Text 'EPT0000222200800' is set on object 'Object Repository/Page_Google/search'

2022-05-24 15:06:38 - [MESSAGE][PASSED] - Text 'EPT0000222200800' is set on object 'Object Repository/Page_Google/search'

2022-05-24 15:06:38 - [TEST_STEP][PASSED] - sendKeys(findTestObject("Page_Google/search"), Keys.chord(CONTROL, "a")): Keys 'CONTROL + a' sent to object: 'Object Repository/Page_Google/search'

2022-05-24 15:06:39 - [MESSAGE][PASSED] - Keys 'CONTROL + a' sent to object: 'Object Repository/Page_Google/search'

2022-05-24 15:06:39 - [TEST_STEP][PASSED] - sendKeys(findTestObject("Page_Google/search"), Keys.chord(CONTROL, "c")): Keys 'CONTROL + c' sent to object: 'Object Repository/Page_Google/search'

2022-05-24 15:06:39 - [MESSAGE][PASSED] - Keys 'CONTROL + c' sent to object: 'Object Repository/Page_Google/search'

2022-05-24 15:06:39 - [TEST_STEP][PASSED] - navigateToUrl("https://simulatortest.e2pay.co.id/simulator/"): Navigate to 'https://simulatortest.e2pay.co.id/simulator/' successfully

2022-05-24 15:06:40 - [MESSAGE][PASSED] - Navigate to 'https://simulatortest.e2pay.co.id/simulator/' successfully

2022-05-24 15:06:40 - [TEST_STEP][PASSED] - delay(2): Delayed 2 second(s)

2022-05-24 15:06:42 - [MESSAGE][PASSED] - Delayed 2 second(s)

2022-05-24 15:06:42 - [TEST_STEP][PASSED] - click(findTestObject("simulator post/input_merhant code")): Object: 'Object Repository/simulator post/input_merhant code' is clicked on

2022-05-24 15:06:44 - [MESSAGE][PASSED] - Object: 'Object Repository/simulator post/input_merhant code' is clicked on

2022-05-24 15:06:44 - [TEST_STEP][PASSED] - sendKeys(findTestObject("simulator post/input_merhant code"), Keys.chord(CONTROL, "a")): Keys 'CONTROL + a' sent to object: 'Object Repository/simulator post/input_merhant code'

2022-05-24 15:06:45 - [MESSAGE][PASSED] - Keys 'CONTROL + a' sent to object: 'Object Repository/simulator post/input_merhant code'

2022-05-24 15:06:45 - [TEST_STEP][PASSED] - sendKeys(findTestObject("simulator post/input_merhant code"), Keys.chord(DELETE)): Keys 'DELETE + ' sent to object: 'Object Repository/simulator post/input_merhant code'

2022-05-24 15:06:46 - [MESSAGE][PASSED] - Keys 'DELETE + ' sent to object: 'Object Repository/simulator post/input_merhant code'

2022-05-24 15:06:46 - [TEST_STEP][PASSED] - sendKeys(findTestObject("simulator post/input_merhant code"), Keys.chord(CONTROL, "v")): Keys 'CONTROL + v' sent to object: 'Object Repository/simulator post/input_merhant code'

2022-05-24 15:06:47 - [MESSAGE][PASSED] - Keys 'CONTROL + v' sent to object: 'Object Repository/simulator post/input_merhant code'

2022-05-24 15:06:47 - [TEST_STEP][PASSED] - sendKeys(findTestObject("simulator post/input_merhant code"), Keys.chord(SHIFT, ARROW_LEFT, ARROW_LEFT, ARROW_LEFT, ARROW_LEFT, ARROW_LEFT, ARROW_LEFT, ARROW_LEFT, ARROW_LEFT)): Keys 'SHIFT + LEFT + LEFT + LEFT + LEFT + LEFT + LEFT + LEFT + LEFT + ' sent to object: 'Object Repository/simulator post/input_merhant code'

2022-05-24 15:06:48 - [MESSAGE][PASSED] - Keys 'SHIFT + LEFT + LEFT + LEFT + LEFT + LEFT + LEFT + LEFT + LEFT + ' sent to object: 'Object Repository/simulator post/input_merhant code'

2022-05-24 15:06:48 - [TEST_STEP][PASSED] - sendKeys(findTestObject("simulator post/input_merhant code"), Keys.chord(CONTROL, "x")): Keys 'CONTROL + x' sent to object: 'Object Repository/simulator post/input_merhant code'

2022-05-24 15:06:48 - [MESSAGE][PASSED] - Keys 'CONTROL + x' sent to object: 'Object Repository/simulator post/input_merhant code'

2022-05-24 15:06:48 - [TEST_STEP][PASSED] - click(findTestObject("simulator post/input_paymentID")): Object: 'Object Repository/simulator post/input_paymentID' is clicked on

2022-05-24 15:06:49 - [MESSAGE][PASSED] - Object: 'Object Repository/simulator post/input_paymentID' is clicked on

2022-05-24 15:06:49 - [TEST_STEP][PASSED] - sendKeys(findTestObject("simulator post/input_paymentID"), Keys.chord(CONTROL, "a")): Keys 'CONTROL + a' sent to object: 'Object Repository/simulator post/input_paymentID'

2022-05-24 15:06:50 - [MESSAGE][PASSED] - Keys 'CONTROL + a' sent to object: 'Object Repository/simulator post/input_paymentID'

2022-05-24 15:06:50 - [TEST_STEP][PASSED] - sendKeys(findTestObject("simulator post/input_paymentID"), Keys.chord(DELETE)): Keys 'DELETE + ' sent to object: 'Object Repository/simulator post/input_paymentID'

2022-05-24 15:06:51 - [MESSAGE][PASSED] - Keys 'DELETE + ' sent to object: 'Object Repository/simulator post/input_paymentID'

2022-05-24 15:06:51 - [TEST_STEP][PASSED] - sendKeys(findTestObject("simulator post/input_paymentID"), Keys.chord(CONTROL, "v")): Keys 'CONTROL + v' sent to object: 'Object Repository/simulator post/input_paymentID'

2022-05-24 15:06:52 - [MESSAGE][PASSED] - Keys 'CONTROL + v' sent to object: 'Object Repository/simulator post/input_paymentID'

2022-05-24 15:06:52 - [TEST_STEP][PASSED] - sendKeys(findTestObject("simulator post/input_paymentID"), Keys.chord(SHIFT, ARROW_LEFT, ARROW_LEFT, ARROW_LEFT, ARROW_LEFT, ARROW_LEFT, ARROW_LEFT)): Keys 'SHIFT + LEFT + LEFT + LEFT + LEFT + LEFT + LEFT + ' sent to object: 'Object Repository/simulator post/input_paymentID'

2022-05-24 15:06:53 - [MESSAGE][PASSED] - Keys 'SHIFT + LEFT + LEFT + LEFT + LEFT + LEFT + LEFT + ' sent to object: 'Object Repository/simulator post/input_paymentID'

2022-05-24 15:06:53 - [TEST_STEP][PASSED] - sendKeys(findTestObject("simulator post/input_paymentID"), Keys.chord(CONTROL, "x")): Keys 'CONTROL + x' sent to object: 'Object Repository/simulator post/input_paymentID'

2022-05-24 15:06:53 - [MESSAGE][PASSED] - Keys 'CONTROL + x' sent to object: 'Object Repository/simulator post/input_paymentID'

2022-05-24 15:06:53 - [TEST_STEP][PASSED] - click(findTestObject("simulator post/input_amount")): Object: 'Object Repository/simulator post/input_amount' is clicked on

2022-05-24 15:06:54 - [MESSAGE][PASSED] - Object: 'Object Repository/simulator post/input_amount' is clicked on

2022-05-24 15:06:54 - [TEST_STEP][PASSED] - sendKeys(findTestObject("simulator post/input_amount"), Keys.chord(CONTROL, "a")): Keys 'CONTROL + a' sent to object: 'Object Repository/simulator post/input_amount'

2022-05-24 15:06:55 - [MESSAGE][PASSED] - Keys 'CONTROL + a' sent to object: 'Object Repository/simulator post/input_amount'

2022-05-24 15:06:55 - [TEST_STEP][PASSED] - sendKeys(findTestObject("simulator post/input_amount"), Keys.chord(DELETE)): Keys 'DELETE + ' sent to object: 'Object Repository/simulator post/input_amount'

2022-05-24 15:06:55 - [MESSAGE][PASSED] - Keys 'DELETE + ' sent to object: 'Object Repository/simulator post/input_amount'

2022-05-24 15:06:55 - [TEST_STEP][PASSED] - sendKeys(findTestObject("simulator post/input_amount"), Keys.chord(CONTROL, "v")): Keys 'CONTROL + v' sent to object: 'Object Repository/simulator post/input_amount'

2022-05-24 15:06:56 - [MESSAGE][PASSED] - Keys 'CONTROL + v' sent to object: 'Object Repository/simulator post/input_amount'

2022-05-24 15:06:56 - [TEST_STEP][PASSED] - value_amount = getText(findTestObject("simulator post/input_amount")): Text of object 'Object Repository/simulator post/input_amount' is: 'Amount'

2022-05-24 15:06:57 - [MESSAGE][PASSED] - Text of object 'Object Repository/simulator post/input_amount' is: 'Amount'

2022-05-24 15:06:57 - [TEST_STEP][PASSED] - delay(1): Delayed 1 second(s)

2022-05-24 15:06:58 - [MESSAGE][PASSED] - Delayed 1 second(s)

2022-05-24 15:06:58 - [TEST_STEP][PASSED] - println(value_amount): null

2022-05-24 15:06:58 - [TEST_STEP][PASSED] - takeFullPageScreenshot(): Taking screenshot successfully

2022-05-24 15:06:58 - [MESSAGE][INFO] - 0 hidden object(s)

2022-05-24 15:06:59 - [MESSAGE][PASSED] - Taking screenshot successfully
[[ATTACHMENT|C:\\Users\\E2PAY\\git\\simulatorTestHp\\Reports\\20220524_150206\\Permata VA noPay 2\\20220524_150207\\1653379618118.png]]

2022-05-24 15:06:59 - [TEST_STEP][PASSED] - click(findTestObject("simulator post/btn_proses payment")): Object: 'Object Repository/simulator post/btn_proses payment' is clicked on

2022-05-24 15:06:59 - [MESSAGE][PASSED] - Object: 'Object Repository/simulator post/btn_proses payment' is clicked on

2022-05-24 15:06:59 - [TEST_STEP][PASSED] - delay(1): Delayed 1 second(s)

2022-05-24 15:07:00 - [MESSAGE][PASSED] - Delayed 1 second(s)

2022-05-24 15:07:00 - [TEST_STEP][PASSED] - va = getText(findTestObject("page_tagihan BCA/div_700701701000000319")): Text of object 'Object Repository/page_tagihan BCA/div_700701701000000319' is: '8452170000122645'

2022-05-24 15:07:02 - [MESSAGE][PASSED] - Text of object 'Object Repository/page_tagihan BCA/div_700701701000000319' is: '8452170000122645'

2022-05-24 15:07:02 - [TEST_STEP][PASSED] - value_bayar = getText(findTestObject("page_tagihan BCA/span_Rp 300.000,00")): Text of object 'Object Repository/page_tagihan BCA/span_Rp 300.000,00' is: 'Rp 2.008,00'

2022-05-24 15:07:03 - [MESSAGE][PASSED] - Text of object 'Object Repository/page_tagihan BCA/span_Rp 300.000,00' is: 'Rp 2.008,00'

2022-05-24 15:07:03 - [TEST_STEP][PASSED] - delay(1): Delayed 1 second(s)

2022-05-24 15:07:04 - [MESSAGE][PASSED] - Delayed 1 second(s)

2022-05-24 15:07:04 - [TEST_STEP][PASSED] - takeFullPageScreenshot(): Taking screenshot successfully

2022-05-24 15:07:04 - [MESSAGE][INFO] - 0 hidden object(s)

2022-05-24 15:07:04 - [MESSAGE][PASSED] - Taking screenshot successfully
[[ATTACHMENT|C:\\Users\\E2PAY\\git\\simulatorTestHp\\Reports\\20220524_150206\\Permata VA noPay 2\\20220524_150207\\1653379624101.png]]

2022-05-24 15:07:04 - [TEST_STEP][PASSED] - navigateToUrl("www.google.com"): Navigate to 'http://www.google.com' successfully

2022-05-24 15:07:05 - [MESSAGE][PASSED] - Navigate to 'http://www.google.com' successfully

2022-05-24 15:07:05 - [TEST_STEP][PASSED] - delay(1): Delayed 1 second(s)

2022-05-24 15:07:06 - [MESSAGE][PASSED] - Delayed 1 second(s)

2022-05-24 15:07:06 - [TEST_STEP][PASSED] - temp_amount = amount + i: null

2022-05-24 15:07:06 - [TEST_STEP][PASSED] - temp = all + temp_amount + "00": null

2022-05-24 15:07:06 - [TEST_STEP][PASSED] - setText(findTestObject("Page_Google/search"), temp): Text 'EPT0000222200900' is set on object 'Object Repository/Page_Google/search'

2022-05-24 15:07:07 - [MESSAGE][PASSED] - Text 'EPT0000222200900' is set on object 'Object Repository/Page_Google/search'

2022-05-24 15:07:07 - [TEST_STEP][PASSED] - sendKeys(findTestObject("Page_Google/search"), Keys.chord(CONTROL, "a")): Keys 'CONTROL + a' sent to object: 'Object Repository/Page_Google/search'

2022-05-24 15:07:08 - [MESSAGE][PASSED] - Keys 'CONTROL + a' sent to object: 'Object Repository/Page_Google/search'

2022-05-24 15:07:08 - [TEST_STEP][PASSED] - sendKeys(findTestObject("Page_Google/search"), Keys.chord(CONTROL, "c")): Keys 'CONTROL + c' sent to object: 'Object Repository/Page_Google/search'

2022-05-24 15:07:08 - [MESSAGE][PASSED] - Keys 'CONTROL + c' sent to object: 'Object Repository/Page_Google/search'

2022-05-24 15:07:08 - [TEST_STEP][PASSED] - navigateToUrl("https://simulatortest.e2pay.co.id/simulator/"): Navigate to 'https://simulatortest.e2pay.co.id/simulator/' successfully

2022-05-24 15:07:09 - [MESSAGE][PASSED] - Navigate to 'https://simulatortest.e2pay.co.id/simulator/' successfully

2022-05-24 15:07:09 - [TEST_STEP][PASSED] - delay(2): Delayed 2 second(s)

2022-05-24 15:07:11 - [MESSAGE][PASSED] - Delayed 2 second(s)

2022-05-24 15:07:11 - [TEST_STEP][PASSED] - click(findTestObject("simulator post/input_merhant code")): Object: 'Object Repository/simulator post/input_merhant code' is clicked on

2022-05-24 15:07:12 - [MESSAGE][PASSED] - Object: 'Object Repository/simulator post/input_merhant code' is clicked on

2022-05-24 15:07:12 - [TEST_STEP][PASSED] - sendKeys(findTestObject("simulator post/input_merhant code"), Keys.chord(CONTROL, "a")): Keys 'CONTROL + a' sent to object: 'Object Repository/simulator post/input_merhant code'

2022-05-24 15:07:13 - [MESSAGE][PASSED] - Keys 'CONTROL + a' sent to object: 'Object Repository/simulator post/input_merhant code'

2022-05-24 15:07:13 - [TEST_STEP][PASSED] - sendKeys(findTestObject("simulator post/input_merhant code"), Keys.chord(DELETE)): Keys 'DELETE + ' sent to object: 'Object Repository/simulator post/input_merhant code'

2022-05-24 15:07:14 - [MESSAGE][PASSED] - Keys 'DELETE + ' sent to object: 'Object Repository/simulator post/input_merhant code'

2022-05-24 15:07:14 - [TEST_STEP][PASSED] - sendKeys(findTestObject("simulator post/input_merhant code"), Keys.chord(CONTROL, "v")): Keys 'CONTROL + v' sent to object: 'Object Repository/simulator post/input_merhant code'

2022-05-24 15:07:14 - [MESSAGE][PASSED] - Keys 'CONTROL + v' sent to object: 'Object Repository/simulator post/input_merhant code'

2022-05-24 15:07:14 - [TEST_STEP][PASSED] - sendKeys(findTestObject("simulator post/input_merhant code"), Keys.chord(SHIFT, ARROW_LEFT, ARROW_LEFT, ARROW_LEFT, ARROW_LEFT, ARROW_LEFT, ARROW_LEFT, ARROW_LEFT, ARROW_LEFT)): Keys 'SHIFT + LEFT + LEFT + LEFT + LEFT + LEFT + LEFT + LEFT + LEFT + ' sent to object: 'Object Repository/simulator post/input_merhant code'

2022-05-24 15:07:15 - [MESSAGE][PASSED] - Keys 'SHIFT + LEFT + LEFT + LEFT + LEFT + LEFT + LEFT + LEFT + LEFT + ' sent to object: 'Object Repository/simulator post/input_merhant code'

2022-05-24 15:07:15 - [TEST_STEP][PASSED] - sendKeys(findTestObject("simulator post/input_merhant code"), Keys.chord(CONTROL, "x")): Keys 'CONTROL + x' sent to object: 'Object Repository/simulator post/input_merhant code'

2022-05-24 15:07:16 - [MESSAGE][PASSED] - Keys 'CONTROL + x' sent to object: 'Object Repository/simulator post/input_merhant code'

2022-05-24 15:07:16 - [TEST_STEP][PASSED] - click(findTestObject("simulator post/input_paymentID")): Object: 'Object Repository/simulator post/input_paymentID' is clicked on

2022-05-24 15:07:16 - [MESSAGE][PASSED] - Object: 'Object Repository/simulator post/input_paymentID' is clicked on

2022-05-24 15:07:16 - [TEST_STEP][PASSED] - sendKeys(findTestObject("simulator post/input_paymentID"), Keys.chord(CONTROL, "a")): Keys 'CONTROL + a' sent to object: 'Object Repository/simulator post/input_paymentID'

2022-05-24 15:07:17 - [MESSAGE][PASSED] - Keys 'CONTROL + a' sent to object: 'Object Repository/simulator post/input_paymentID'

2022-05-24 15:07:17 - [TEST_STEP][PASSED] - sendKeys(findTestObject("simulator post/input_paymentID"), Keys.chord(DELETE)): Keys 'DELETE + ' sent to object: 'Object Repository/simulator post/input_paymentID'

2022-05-24 15:07:18 - [MESSAGE][PASSED] - Keys 'DELETE + ' sent to object: 'Object Repository/simulator post/input_paymentID'

2022-05-24 15:07:18 - [TEST_STEP][PASSED] - sendKeys(findTestObject("simulator post/input_paymentID"), Keys.chord(CONTROL, "v")): Keys 'CONTROL + v' sent to object: 'Object Repository/simulator post/input_paymentID'

2022-05-24 15:07:19 - [MESSAGE][PASSED] - Keys 'CONTROL + v' sent to object: 'Object Repository/simulator post/input_paymentID'

2022-05-24 15:07:19 - [TEST_STEP][PASSED] - sendKeys(findTestObject("simulator post/input_paymentID"), Keys.chord(SHIFT, ARROW_LEFT, ARROW_LEFT, ARROW_LEFT, ARROW_LEFT, ARROW_LEFT, ARROW_LEFT)): Keys 'SHIFT + LEFT + LEFT + LEFT + LEFT + LEFT + LEFT + ' sent to object: 'Object Repository/simulator post/input_paymentID'

2022-05-24 15:07:19 - [MESSAGE][PASSED] - Keys 'SHIFT + LEFT + LEFT + LEFT + LEFT + LEFT + LEFT + ' sent to object: 'Object Repository/simulator post/input_paymentID'

2022-05-24 15:07:19 - [TEST_STEP][PASSED] - sendKeys(findTestObject("simulator post/input_paymentID"), Keys.chord(CONTROL, "x")): Keys 'CONTROL + x' sent to object: 'Object Repository/simulator post/input_paymentID'

2022-05-24 15:07:20 - [MESSAGE][PASSED] - Keys 'CONTROL + x' sent to object: 'Object Repository/simulator post/input_paymentID'

2022-05-24 15:07:20 - [TEST_STEP][PASSED] - click(findTestObject("simulator post/input_amount")): Object: 'Object Repository/simulator post/input_amount' is clicked on

2022-05-24 15:07:21 - [MESSAGE][PASSED] - Object: 'Object Repository/simulator post/input_amount' is clicked on

2022-05-24 15:07:21 - [TEST_STEP][PASSED] - sendKeys(findTestObject("simulator post/input_amount"), Keys.chord(CONTROL, "a")): Keys 'CONTROL + a' sent to object: 'Object Repository/simulator post/input_amount'

2022-05-24 15:07:22 - [MESSAGE][PASSED] - Keys 'CONTROL + a' sent to object: 'Object Repository/simulator post/input_amount'

2022-05-24 15:07:22 - [TEST_STEP][PASSED] - sendKeys(findTestObject("simulator post/input_amount"), Keys.chord(DELETE)): Keys 'DELETE + ' sent to object: 'Object Repository/simulator post/input_amount'

2022-05-24 15:07:22 - [MESSAGE][PASSED] - Keys 'DELETE + ' sent to object: 'Object Repository/simulator post/input_amount'

2022-05-24 15:07:22 - [TEST_STEP][PASSED] - sendKeys(findTestObject("simulator post/input_amount"), Keys.chord(CONTROL, "v")): Keys 'CONTROL + v' sent to object: 'Object Repository/simulator post/input_amount'

2022-05-24 15:07:23 - [MESSAGE][PASSED] - Keys 'CONTROL + v' sent to object: 'Object Repository/simulator post/input_amount'

2022-05-24 15:07:23 - [TEST_STEP][PASSED] - value_amount = getText(findTestObject("simulator post/input_amount")): Text of object 'Object Repository/simulator post/input_amount' is: 'Amount'

2022-05-24 15:07:23 - [MESSAGE][PASSED] - Text of object 'Object Repository/simulator post/input_amount' is: 'Amount'

2022-05-24 15:07:23 - [TEST_STEP][PASSED] - delay(1): Delayed 1 second(s)

2022-05-24 15:07:24 - [MESSAGE][PASSED] - Delayed 1 second(s)

2022-05-24 15:07:24 - [TEST_STEP][PASSED] - println(value_amount): null

2022-05-24 15:07:24 - [TEST_STEP][PASSED] - takeFullPageScreenshot(): Taking screenshot successfully

2022-05-24 15:07:25 - [MESSAGE][INFO] - 0 hidden object(s)

2022-05-24 15:07:26 - [MESSAGE][PASSED] - Taking screenshot successfully
[[ATTACHMENT|C:\\Users\\E2PAY\\git\\simulatorTestHp\\Reports\\20220524_150206\\Permata VA noPay 2\\20220524_150207\\1653379644965.png]]

2022-05-24 15:07:26 - [TEST_STEP][PASSED] - click(findTestObject("simulator post/btn_proses payment")): Object: 'Object Repository/simulator post/btn_proses payment' is clicked on

2022-05-24 15:07:26 - [MESSAGE][PASSED] - Object: 'Object Repository/simulator post/btn_proses payment' is clicked on

2022-05-24 15:07:26 - [TEST_STEP][PASSED] - delay(1): Delayed 1 second(s)

2022-05-24 15:07:27 - [MESSAGE][PASSED] - Delayed 1 second(s)

2022-05-24 15:07:27 - [TEST_STEP][PASSED] - va = getText(findTestObject("page_tagihan BCA/div_700701701000000319")): Text of object 'Object Repository/page_tagihan BCA/div_700701701000000319' is: '8452170000122646'

2022-05-24 15:07:29 - [MESSAGE][PASSED] - Text of object 'Object Repository/page_tagihan BCA/div_700701701000000319' is: '8452170000122646'

2022-05-24 15:07:29 - [TEST_STEP][PASSED] - value_bayar = getText(findTestObject("page_tagihan BCA/span_Rp 300.000,00")): Text of object 'Object Repository/page_tagihan BCA/span_Rp 300.000,00' is: 'Rp 2.009,00'

2022-05-24 15:07:30 - [MESSAGE][PASSED] - Text of object 'Object Repository/page_tagihan BCA/span_Rp 300.000,00' is: 'Rp 2.009,00'

2022-05-24 15:07:30 - [TEST_STEP][PASSED] - delay(1): Delayed 1 second(s)

2022-05-24 15:07:31 - [MESSAGE][PASSED] - Delayed 1 second(s)

2022-05-24 15:07:31 - [TEST_STEP][PASSED] - takeFullPageScreenshot(): Taking screenshot successfully

2022-05-24 15:07:31 - [MESSAGE][INFO] - 0 hidden object(s)

2022-05-24 15:07:32 - [MESSAGE][PASSED] - Taking screenshot successfully
[[ATTACHMENT|C:\\Users\\E2PAY\\git\\simulatorTestHp\\Reports\\20220524_150206\\Permata VA noPay 2\\20220524_150207\\1653379651442.png]]

2022-05-24 15:07:32 - [TEST_STEP][PASSED] - navigateToUrl("www.google.com"): Navigate to 'http://www.google.com' successfully

2022-05-24 15:07:32 - [MESSAGE][PASSED] - Navigate to 'http://www.google.com' successfully

2022-05-24 15:07:32 - [TEST_STEP][PASSED] - delay(1): Delayed 1 second(s)

2022-05-24 15:07:33 - [MESSAGE][PASSED] - Delayed 1 second(s)

2022-05-24 15:07:33 - [TEST_STEP][PASSED] - temp_amount = amount + i: null

2022-05-24 15:07:33 - [TEST_STEP][PASSED] - temp = all + temp_amount + "00": null

2022-05-24 15:07:33 - [TEST_STEP][PASSED] - setText(findTestObject("Page_Google/search"), temp): Text 'EPT0000222201000' is set on object 'Object Repository/Page_Google/search'

2022-05-24 15:07:34 - [MESSAGE][PASSED] - Text 'EPT0000222201000' is set on object 'Object Repository/Page_Google/search'

2022-05-24 15:07:34 - [TEST_STEP][PASSED] - sendKeys(findTestObject("Page_Google/search"), Keys.chord(CONTROL, "a")): Keys 'CONTROL + a' sent to object: 'Object Repository/Page_Google/search'

2022-05-24 15:07:35 - [MESSAGE][PASSED] - Keys 'CONTROL + a' sent to object: 'Object Repository/Page_Google/search'

2022-05-24 15:07:35 - [TEST_STEP][PASSED] - sendKeys(findTestObject("Page_Google/search"), Keys.chord(CONTROL, "c")): Keys 'CONTROL + c' sent to object: 'Object Repository/Page_Google/search'

2022-05-24 15:07:36 - [MESSAGE][PASSED] - Keys 'CONTROL + c' sent to object: 'Object Repository/Page_Google/search'

2022-05-24 15:07:36 - [TEST_STEP][PASSED] - navigateToUrl("https://simulatortest.e2pay.co.id/simulator/"): Navigate to 'https://simulatortest.e2pay.co.id/simulator/' successfully

2022-05-24 15:07:36 - [MESSAGE][PASSED] - Navigate to 'https://simulatortest.e2pay.co.id/simulator/' successfully

2022-05-24 15:07:36 - [TEST_STEP][PASSED] - delay(2): Delayed 2 second(s)

2022-05-24 15:07:38 - [MESSAGE][PASSED] - Delayed 2 second(s)

2022-05-24 15:07:39 - [TEST_STEP][PASSED] - click(findTestObject("simulator post/input_merhant code")): Object: 'Object Repository/simulator post/input_merhant code' is clicked on

2022-05-24 15:07:39 - [MESSAGE][PASSED] - Object: 'Object Repository/simulator post/input_merhant code' is clicked on

2022-05-24 15:07:39 - [TEST_STEP][PASSED] - sendKeys(findTestObject("simulator post/input_merhant code"), Keys.chord(CONTROL, "a")): Keys 'CONTROL + a' sent to object: 'Object Repository/simulator post/input_merhant code'

2022-05-24 15:07:40 - [MESSAGE][PASSED] - Keys 'CONTROL + a' sent to object: 'Object Repository/simulator post/input_merhant code'

2022-05-24 15:07:40 - [TEST_STEP][PASSED] - sendKeys(findTestObject("simulator post/input_merhant code"), Keys.chord(DELETE)): Keys 'DELETE + ' sent to object: 'Object Repository/simulator post/input_merhant code'

2022-05-24 15:07:41 - [MESSAGE][PASSED] - Keys 'DELETE + ' sent to object: 'Object Repository/simulator post/input_merhant code'

2022-05-24 15:07:41 - [TEST_STEP][PASSED] - sendKeys(findTestObject("simulator post/input_merhant code"), Keys.chord(CONTROL, "v")): Keys 'CONTROL + v' sent to object: 'Object Repository/simulator post/input_merhant code'

2022-05-24 15:07:42 - [MESSAGE][PASSED] - Keys 'CONTROL + v' sent to object: 'Object Repository/simulator post/input_merhant code'

2022-05-24 15:07:42 - [TEST_STEP][PASSED] - sendKeys(findTestObject("simulator post/input_merhant code"), Keys.chord(SHIFT, ARROW_LEFT, ARROW_LEFT, ARROW_LEFT, ARROW_LEFT, ARROW_LEFT, ARROW_LEFT, ARROW_LEFT, ARROW_LEFT)): Keys 'SHIFT + LEFT + LEFT + LEFT + LEFT + LEFT + LEFT + LEFT + LEFT + ' sent to object: 'Object Repository/simulator post/input_merhant code'

2022-05-24 15:07:42 - [MESSAGE][PASSED] - Keys 'SHIFT + LEFT + LEFT + LEFT + LEFT + LEFT + LEFT + LEFT + LEFT + ' sent to object: 'Object Repository/simulator post/input_merhant code'

2022-05-24 15:07:42 - [TEST_STEP][PASSED] - sendKeys(findTestObject("simulator post/input_merhant code"), Keys.chord(CONTROL, "x")): Keys 'CONTROL + x' sent to object: 'Object Repository/simulator post/input_merhant code'

2022-05-24 15:07:43 - [MESSAGE][PASSED] - Keys 'CONTROL + x' sent to object: 'Object Repository/simulator post/input_merhant code'

2022-05-24 15:07:43 - [TEST_STEP][PASSED] - click(findTestObject("simulator post/input_paymentID")): Object: 'Object Repository/simulator post/input_paymentID' is clicked on

2022-05-24 15:07:44 - [MESSAGE][PASSED] - Object: 'Object Repository/simulator post/input_paymentID' is clicked on

2022-05-24 15:07:44 - [TEST_STEP][PASSED] - sendKeys(findTestObject("simulator post/input_paymentID"), Keys.chord(CONTROL, "a")): Keys 'CONTROL + a' sent to object: 'Object Repository/simulator post/input_paymentID'

2022-05-24 15:07:45 - [MESSAGE][PASSED] - Keys 'CONTROL + a' sent to object: 'Object Repository/simulator post/input_paymentID'

2022-05-24 15:07:45 - [TEST_STEP][PASSED] - sendKeys(findTestObject("simulator post/input_paymentID"), Keys.chord(DELETE)): Keys 'DELETE + ' sent to object: 'Object Repository/simulator post/input_paymentID'

2022-05-24 15:07:45 - [MESSAGE][PASSED] - Keys 'DELETE + ' sent to object: 'Object Repository/simulator post/input_paymentID'

2022-05-24 15:07:45 - [TEST_STEP][PASSED] - sendKeys(findTestObject("simulator post/input_paymentID"), Keys.chord(CONTROL, "v")): Keys 'CONTROL + v' sent to object: 'Object Repository/simulator post/input_paymentID'

2022-05-24 15:07:47 - [MESSAGE][PASSED] - Keys 'CONTROL + v' sent to object: 'Object Repository/simulator post/input_paymentID'

2022-05-24 15:07:47 - [TEST_STEP][PASSED] - sendKeys(findTestObject("simulator post/input_paymentID"), Keys.chord(SHIFT, ARROW_LEFT, ARROW_LEFT, ARROW_LEFT, ARROW_LEFT, ARROW_LEFT, ARROW_LEFT)): Keys 'SHIFT + LEFT + LEFT + LEFT + LEFT + LEFT + LEFT + ' sent to object: 'Object Repository/simulator post/input_paymentID'

2022-05-24 15:07:47 - [MESSAGE][PASSED] - Keys 'SHIFT + LEFT + LEFT + LEFT + LEFT + LEFT + LEFT + ' sent to object: 'Object Repository/simulator post/input_paymentID'

2022-05-24 15:07:47 - [TEST_STEP][PASSED] - sendKeys(findTestObject("simulator post/input_paymentID"), Keys.chord(CONTROL, "x")): Keys 'CONTROL + x' sent to object: 'Object Repository/simulator post/input_paymentID'

2022-05-24 15:07:48 - [MESSAGE][PASSED] - Keys 'CONTROL + x' sent to object: 'Object Repository/simulator post/input_paymentID'

2022-05-24 15:07:48 - [TEST_STEP][PASSED] - click(findTestObject("simulator post/input_amount")): Object: 'Object Repository/simulator post/input_amount' is clicked on

2022-05-24 15:07:49 - [MESSAGE][PASSED] - Object: 'Object Repository/simulator post/input_amount' is clicked on

2022-05-24 15:07:49 - [TEST_STEP][PASSED] - sendKeys(findTestObject("simulator post/input_amount"), Keys.chord(CONTROL, "a")): Keys 'CONTROL + a' sent to object: 'Object Repository/simulator post/input_amount'

2022-05-24 15:07:50 - [MESSAGE][PASSED] - Keys 'CONTROL + a' sent to object: 'Object Repository/simulator post/input_amount'

2022-05-24 15:07:50 - [TEST_STEP][PASSED] - sendKeys(findTestObject("simulator post/input_amount"), Keys.chord(DELETE)): Keys 'DELETE + ' sent to object: 'Object Repository/simulator post/input_amount'

2022-05-24 15:07:50 - [MESSAGE][PASSED] - Keys 'DELETE + ' sent to object: 'Object Repository/simulator post/input_amount'

2022-05-24 15:07:50 - [TEST_STEP][PASSED] - sendKeys(findTestObject("simulator post/input_amount"), Keys.chord(CONTROL, "v")): Keys 'CONTROL + v' sent to object: 'Object Repository/simulator post/input_amount'

2022-05-24 15:07:51 - [MESSAGE][PASSED] - Keys 'CONTROL + v' sent to object: 'Object Repository/simulator post/input_amount'

2022-05-24 15:07:51 - [TEST_STEP][PASSED] - value_amount = getText(findTestObject("simulator post/input_amount")): Text of object 'Object Repository/simulator post/input_amount' is: 'Amount'

2022-05-24 15:07:52 - [MESSAGE][PASSED] - Text of object 'Object Repository/simulator post/input_amount' is: 'Amount'

2022-05-24 15:07:52 - [TEST_STEP][PASSED] - delay(1): Delayed 1 second(s)

2022-05-24 15:07:53 - [MESSAGE][PASSED] - Delayed 1 second(s)

2022-05-24 15:07:53 - [TEST_STEP][PASSED] - println(value_amount): null

2022-05-24 15:07:53 - [TEST_STEP][PASSED] - takeFullPageScreenshot(): Taking screenshot successfully

2022-05-24 15:07:53 - [MESSAGE][INFO] - 0 hidden object(s)

2022-05-24 15:07:54 - [MESSAGE][PASSED] - Taking screenshot successfully
[[ATTACHMENT|C:\\Users\\E2PAY\\git\\simulatorTestHp\\Reports\\20220524_150206\\Permata VA noPay 2\\20220524_150207\\1653379673067.png]]

2022-05-24 15:07:54 - [TEST_STEP][PASSED] - click(findTestObject("simulator post/btn_proses payment")): Object: 'Object Repository/simulator post/btn_proses payment' is clicked on

2022-05-24 15:07:54 - [MESSAGE][PASSED] - Object: 'Object Repository/simulator post/btn_proses payment' is clicked on

2022-05-24 15:07:54 - [TEST_STEP][PASSED] - delay(1): Delayed 1 second(s)

2022-05-24 15:07:55 - [MESSAGE][PASSED] - Delayed 1 second(s)

2022-05-24 15:07:55 - [TEST_STEP][PASSED] - va = getText(findTestObject("page_tagihan BCA/div_700701701000000319")): Text of object 'Object Repository/page_tagihan BCA/div_700701701000000319' is: '8452170000122647'

2022-05-24 15:07:57 - [MESSAGE][PASSED] - Text of object 'Object Repository/page_tagihan BCA/div_700701701000000319' is: '8452170000122647'

2022-05-24 15:07:57 - [TEST_STEP][PASSED] - value_bayar = getText(findTestObject("page_tagihan BCA/span_Rp 300.000,00")): Text of object 'Object Repository/page_tagihan BCA/span_Rp 300.000,00' is: 'Rp 2.010,00'

2022-05-24 15:07:57 - [MESSAGE][PASSED] - Text of object 'Object Repository/page_tagihan BCA/span_Rp 300.000,00' is: 'Rp 2.010,00'

2022-05-24 15:07:57 - [TEST_STEP][PASSED] - delay(1): Delayed 1 second(s)

2022-05-24 15:07:58 - [MESSAGE][PASSED] - Delayed 1 second(s)

2022-05-24 15:07:58 - [TEST_STEP][PASSED] - takeFullPageScreenshot(): Taking screenshot successfully

2022-05-24 15:07:59 - [MESSAGE][INFO] - 0 hidden object(s)

2022-05-24 15:07:59 - [MESSAGE][PASSED] - Taking screenshot successfully
[[ATTACHMENT|C:\\Users\\E2PAY\\git\\simulatorTestHp\\Reports\\20220524_150206\\Permata VA noPay 2\\20220524_150207\\1653379678959.png]]]]></system-out>
         <system-err><![CDATA[]]></system-err>
      </testcase>
      <system-out><![CDATA[2022-05-24 15:02:20 - [TEST_SUITE][PASSED] - Permata VA noPay 2: Test Cases/simulator - pass PERMATA noPay - Copy]]></system-out>
      <system-err><![CDATA[]]></system-err>
   </testsuite>
</testsuites>
